<?xml version="1.0" encoding="UTF-8"?>
<testsuite name="com.spring.rk.microservices.turbine.TurbineApplicationTests" time="0" tests="1" errors="1" skipped="0" failures="0">
  <properties>
[...]
</properties>
  <testcase name="contextLoads" classname="com.spring.rk.microservices.turbine.TurbineApplicationTests" time="0">
    <error message="Failed to load ApplicationContext" type="java.lang.IllegalStateException"><![CDATA[java.lang.IllegalStateException: Failed to load ApplicationContext
	at org.springframework.test.context.cache.DefaultCacheAwareContextLoaderDelegate.loadContext(DefaultCacheAwareContextLoaderDelegate.java:124)
	at org.springframework.test.context.support.DefaultTestContext.getApplicationContext(DefaultTestContext.java:83)
	at org.springframework.test.context.web.ServletTestExecutionListener.setUpRequestContextIfNecessary(ServletTestExecutionListener.java:189)
	at org.springframework.test.context.web.ServletTestExecutionListener.prepareTestInstance(ServletTestExecutionListener.java:131)
	at org.springframework.test.context.TestContextManager.prepareTestInstance(TestContextManager.java:230)
	at org.springframework.test.context.junit4.SpringJUnit4ClassRunner.createTest(SpringJUnit4ClassRunner.java:228)
	at org.springframework.test.context.junit4.SpringJUnit4ClassRunner$1.runReflectiveCall(SpringJUnit4ClassRunner.java:287)
	at org.junit.internal.runners.model.ReflectiveCallable.run(ReflectiveCallable.java:12)
	at org.springframework.test.context.junit4.SpringJUnit4ClassRunner.methodBlock(SpringJUnit4ClassRunner.java:289)
	at org.springframework.test.context.junit4.SpringJUnit4ClassRunner.runChild(SpringJUnit4ClassRunner.java:247)
	at org.springframework.test.context.junit4.SpringJUnit4ClassRunner.runChild(SpringJUnit4ClassRunner.java:94)
	at org.junit.runners.ParentRunner$3.run(ParentRunner.java:290)
	at org.junit.runners.ParentRunner$1.schedule(ParentRunner.java:71)
	at org.junit.runners.ParentRunner.runChildren(ParentRunner.java:288)
	at org.junit.runners.ParentRunner.access$000(ParentRunner.java:58)
	at org.junit.runners.ParentRunner$2.evaluate(ParentRunner.java:268)
	at org.springframework.test.context.junit4.statements.RunBeforeTestClassCallbacks.evaluate(RunBeforeTestClassCallbacks.java:61)
	at org.springframework.test.context.junit4.statements.RunAfterTestClassCallbacks.evaluate(RunAfterTestClassCallbacks.java:70)
	at org.junit.runners.ParentRunner.run(ParentRunner.java:363)
	at org.springframework.test.context.junit4.SpringJUnit4ClassRunner.run(SpringJUnit4ClassRunner.java:191)
	at org.apache.maven.surefire.junit4.JUnit4Provider.execute(JUnit4Provider.java:283)
	at org.apache.maven.surefire.junit4.JUnit4Provider.executeWithRerun(JUnit4Provider.java:173)
	at org.apache.maven.surefire.junit4.JUnit4Provider.executeTestSet(JUnit4Provider.java:153)
	at org.apache.maven.surefire.junit4.JUnit4Provider.invoke(JUnit4Provider.java:128)
	at org.apache.maven.surefire.booter.ForkedBooter.invokeProviderInSameClassLoader(ForkedBooter.java:203)
	at org.apache.maven.surefire.booter.ForkedBooter.runSuitesInProcess(ForkedBooter.java:155)
	at org.apache.maven.surefire.booter.ForkedBooter.main(ForkedBooter.java:103)
Caused by: org.springframework.beans.factory.UnsatisfiedDependencyException: Error creating bean with name 'hystrixStreamAggregator': Unsatisfied dependency expressed through field 'subject'; nested exception is org.springframework.beans.factory.NoSuchBeanDefinitionException: No qualifying bean of type 'rx.subjects.PublishSubject<java.util.Map<java.lang.String, java.lang.Object>>' available: expected at least 1 bean which qualifies as autowire candidate. Dependency annotations: {@org.springframework.beans.factory.annotation.Autowired(required=true)}
	at org.springframework.beans.factory.annotation.AutowiredAnnotationBeanPostProcessor$AutowiredFieldElement.inject(AutowiredAnnotationBeanPostProcessor.java:588)
	at org.springframework.beans.factory.annotation.InjectionMetadata.inject(InjectionMetadata.java:88)
	at org.springframework.beans.factory.annotation.AutowiredAnnotationBeanPostProcessor.postProcessPropertyValues(AutowiredAnnotationBeanPostProcessor.java:366)
	at org.springframework.beans.factory.support.AbstractAutowireCapableBeanFactory.populateBean(AbstractAutowireCapableBeanFactory.java:1264)
	at org.springframework.beans.factory.support.AbstractAutowireCapableBeanFactory.doCreateBean(AbstractAutowireCapableBeanFactory.java:553)
	at org.springframework.beans.factory.support.AbstractAutowireCapableBeanFactory.createBean(AbstractAutowireCapableBeanFactory.java:483)
	at org.springframework.beans.factory.support.AbstractBeanFactory$1.getObject(AbstractBeanFactory.java:306)
	at org.springframework.beans.factory.support.DefaultSingletonBeanRegistry.getSingleton(DefaultSingletonBeanRegistry.java:230)
	at org.springframework.beans.factory.support.AbstractBeanFactory.doGetBean(AbstractBeanFactory.java:302)
	at org.springframework.beans.factory.support.AbstractBeanFactory.getBean(AbstractBeanFactory.java:197)
	at org.springframework.beans.factory.support.DefaultListableBeanFactory.preInstantiateSingletons(DefaultListableBeanFactory.java:761)
	at org.springframework.context.support.AbstractApplicationContext.finishBeanFactoryInitialization(AbstractApplicationContext.java:867)
	at org.springframework.context.support.AbstractApplicationContext.refresh(AbstractApplicationContext.java:543)
	at org.springframework.boot.SpringApplication.refresh(SpringApplication.java:693)
	at org.springframework.boot.SpringApplication.refreshContext(SpringApplication.java:360)
	at org.springframework.boot.SpringApplication.run(SpringApplication.java:303)
	at org.springframework.boot.test.context.SpringBootContextLoader.loadContext(SpringBootContextLoader.java:120)
	at org.springframework.test.context.cache.DefaultCacheAwareContextLoaderDelegate.loadContextInternal(DefaultCacheAwareContextLoaderDelegate.java:98)
	at org.springframework.test.context.cache.DefaultCacheAwareContextLoaderDelegate.loadContext(DefaultCacheAwareContextLoaderDelegate.java:116)
	at org.springframework.test.context.support.DefaultTestContext.getApplicationContext(DefaultTestContext.java:83)
	at org.springframework.test.context.web.ServletTestExecutionListener.setUpRequestContextIfNecessary(ServletTestExecutionListener.java:189)
	at org.springframework.test.context.web.ServletTestExecutionListener.prepareTestInstance(ServletTestExecutionListener.java:131)
	at org.springframework.test.context.TestContextManager.prepareTestInstance(TestContextManager.java:230)
	at org.springframework.test.context.junit4.SpringJUnit4ClassRunner.createTest(SpringJUnit4ClassRunner.java:228)
	at org.springframework.test.context.junit4.SpringJUnit4ClassRunner$1.runReflectiveCall(SpringJUnit4ClassRunner.java:287)
	at org.junit.internal.runners.model.ReflectiveCallable.run(ReflectiveCallable.java:12)
	at org.springframework.test.context.junit4.SpringJUnit4ClassRunner.methodBlock(SpringJUnit4ClassRunner.java:289)
	at org.springframework.test.context.junit4.SpringJUnit4ClassRunner.runChild(SpringJUnit4ClassRunner.java:247)
	at org.springframework.test.context.junit4.SpringJUnit4ClassRunner.runChild(SpringJUnit4ClassRunner.java:94)
	at org.junit.runners.ParentRunner$3.run(ParentRunner.java:290)
	at org.junit.runners.ParentRunner$1.schedule(ParentRunner.java:71)
	at org.junit.runners.ParentRunner.runChildren(ParentRunner.java:288)
	at org.junit.runners.ParentRunner.access$000(ParentRunner.java:58)
	at org.junit.runners.ParentRunner$2.evaluate(ParentRunner.java:268)
	at org.springframework.test.context.junit4.statements.RunBeforeTestClassCallbacks.evaluate(RunBeforeTestClassCallbacks.java:61)
	at org.springframework.test.context.junit4.statements.RunAfterTestClassCallbacks.evaluate(RunAfterTestClassCallbacks.java:70)
	at org.junit.runners.ParentRunner.run(ParentRunner.java:363)
	at org.springframework.test.context.junit4.SpringJUnit4ClassRunner.run(SpringJUnit4ClassRunner.java:191)
	at org.apache.maven.surefire.junit4.JUnit4Provider.execute(JUnit4Provider.java:283)
	at org.apache.maven.surefire.junit4.JUnit4Provider.executeWithRerun(JUnit4Provider.java:173)
	at org.apache.maven.surefire.junit4.JUnit4Provider.executeTestSet(JUnit4Provider.java:153)
	at org.apache.maven.surefire.junit4.JUnit4Provider.invoke(JUnit4Provider.java:128)
	at org.apache.maven.surefire.booter.ForkedBooter.invokeProviderInSameClassLoader(ForkedBooter.java:203)
	at org.apache.maven.surefire.booter.ForkedBooter.runSuitesInProcess(ForkedBooter.java:155)
	at org.apache.maven.surefire.booter.ForkedBooter.main(ForkedBooter.java:103)
Caused by: org.springframework.beans.factory.NoSuchBeanDefinitionException: No qualifying bean of type 'rx.subjects.PublishSubject<java.util.Map<java.lang.String, java.lang.Object>>' available: expected at least 1 bean which qualifies as autowire candidate. Dependency annotations: {@org.springframework.beans.factory.annotation.Autowired(required=true)}
	at org.springframework.beans.factory.support.DefaultListableBeanFactory.raiseNoMatchingBeanFound(DefaultListableBeanFactory.java:1493)
	at org.springframework.beans.factory.support.DefaultListableBeanFactory.doResolveDependency(DefaultListableBeanFactory.java:1104)
	at org.springframework.beans.factory.support.DefaultListableBeanFactory.resolveDependency(DefaultListableBeanFactory.java:1066)
	at org.springframework.beans.factory.annotation.AutowiredAnnotationBeanPostProcessor$AutowiredFieldElement.inject(AutowiredAnnotationBeanPostProcessor.java:585)
	at org.springframework.beans.factory.annotation.InjectionMetadata.inject(InjectionMetadata.java:88)
	at org.springframework.beans.factory.annotation.AutowiredAnnotationBeanPostProcessor.postProcessPropertyValues(AutowiredAnnotationBeanPostProcessor.java:366)
	at org.springframework.beans.factory.support.AbstractAutowireCapableBeanFactory.populateBean(AbstractAutowireCapableBeanFactory.java:1264)
	at org.springframework.beans.factory.support.AbstractAutowireCapableBeanFactory.doCreateBean(AbstractAutowireCapableBeanFactory.java:553)
	at org.springframework.beans.factory.support.AbstractAutowireCapableBeanFactory.createBean(AbstractAutowireCapableBeanFactory.java:483)
	at org.springframework.beans.factory.support.AbstractBeanFactory$1.getObject(AbstractBeanFactory.java:306)
	at org.springframework.beans.factory.support.DefaultSingletonBeanRegistry.getSingleton(DefaultSingletonBeanRegistry.java:230)
	at org.springframework.beans.factory.support.AbstractBeanFactory.doGetBean(AbstractBeanFactory.java:302)
	at org.springframework.beans.factory.support.AbstractBeanFactory.getBean(AbstractBeanFactory.java:197)
	at org.springframework.beans.factory.support.DefaultListableBeanFactory.preInstantiateSingletons(DefaultListableBeanFactory.java:761)
	at org.springframework.context.support.AbstractApplicationContext.finishBeanFactoryInitialization(AbstractApplicationContext.java:867)
	at org.springframework.context.support.AbstractApplicationContext.refresh(AbstractApplicationContext.java:543)
	at org.springframework.boot.SpringApplication.refresh(SpringApplication.java:693)
	at org.springframework.boot.SpringApplication.refreshContext(SpringApplication.java:360)
	at org.springframework.boot.SpringApplication.run(SpringApplication.java:303)
	at org.springframework.boot.test.context.SpringBootContextLoader.loadContext(SpringBootContextLoader.java:120)
	at org.springframework.test.context.cache.DefaultCacheAwareContextLoaderDelegate.loadContextInternal(DefaultCacheAwareContextLoaderDelegate.java:98)
	at org.springframework.test.context.cache.DefaultCacheAwareContextLoaderDelegate.loadContext(DefaultCacheAwareContextLoaderDelegate.java:116)
	at org.springframework.test.context.support.DefaultTestContext.getApplicationContext(DefaultTestContext.java:83)
	at org.springframework.test.context.web.ServletTestExecutionListener.setUpRequestContextIfNecessary(ServletTestExecutionListener.java:189)
	at org.springframework.test.context.web.ServletTestExecutionListener.prepareTestInstance(ServletTestExecutionListener.java:131)
	at org.springframework.test.context.TestContextManager.prepareTestInstance(TestContextManager.java:230)
	at org.springframework.test.context.junit4.SpringJUnit4ClassRunner.createTest(SpringJUnit4ClassRunner.java:228)
	at org.springframework.test.context.junit4.SpringJUnit4ClassRunner$1.runReflectiveCall(SpringJUnit4ClassRunner.java:287)
	at org.junit.internal.runners.model.ReflectiveCallable.run(ReflectiveCallable.java:12)
	at org.springframework.test.context.junit4.SpringJUnit4ClassRunner.methodBlock(SpringJUnit4ClassRunner.java:289)
	at org.springframework.test.context.junit4.SpringJUnit4ClassRunner.runChild(SpringJUnit4ClassRunner.java:247)
	at org.springframework.test.context.junit4.SpringJUnit4ClassRunner.runChild(SpringJUnit4ClassRunner.java:94)
	at org.junit.runners.ParentRunner$3.run(ParentRunner.java:290)
	at org.junit.runners.ParentRunner$1.schedule(ParentRunner.java:71)
	at org.junit.runners.ParentRunner.runChildren(ParentRunner.java:288)
	at org.junit.runners.ParentRunner.access$000(ParentRunner.java:58)
	at org.junit.runners.ParentRunner$2.evaluate(ParentRunner.java:268)
	at org.springframework.test.context.junit4.statements.RunBeforeTestClassCallbacks.evaluate(RunBeforeTestClassCallbacks.java:61)
	at org.springframework.test.context.junit4.statements.RunAfterTestClassCallbacks.evaluate(RunAfterTestClassCallbacks.java:70)
	at org.junit.runners.ParentRunner.run(ParentRunner.java:363)
	at org.springframework.test.context.junit4.SpringJUnit4ClassRunner.run(SpringJUnit4ClassRunner.java:191)
	at org.apache.maven.surefire.junit4.JUnit4Provider.execute(JUnit4Provider.java:283)
	at org.apache.maven.surefire.junit4.JUnit4Provider.executeWithRerun(JUnit4Provider.java:173)
	at org.apache.maven.surefire.junit4.JUnit4Provider.executeTestSet(JUnit4Provider.java:153)
	at org.apache.maven.surefire.junit4.JUnit4Provider.invoke(JUnit4Provider.java:128)
	at org.apache.maven.surefire.booter.ForkedBooter.invokeProviderInSameClassLoader(ForkedBooter.java:203)
	at org.apache.maven.surefire.booter.ForkedBooter.runSuitesInProcess(ForkedBooter.java:155)
	at org.apache.maven.surefire.booter.ForkedBooter.main(ForkedBooter.java:103)
]]></error>
    <system-out><![CDATA[10:39:16.269 [main] DEBUG org.springframework.test.context.junit4.SpringJUnit4ClassRunner - SpringJUnit4ClassRunner constructor called with [class com.spring.rk.microservices.turbine.TurbineApplicationTests]
10:39:16.279 [main] DEBUG org.springframework.test.context.BootstrapUtils - Instantiating CacheAwareContextLoaderDelegate from class [org.springframework.test.context.cache.DefaultCacheAwareContextLoaderDelegate]
10:39:16.289 [main] DEBUG org.springframework.test.context.BootstrapUtils - Instantiating BootstrapContext using constructor [public org.springframework.test.context.support.DefaultBootstrapContext(java.lang.Class,org.springframework.test.context.CacheAwareContextLoaderDelegate)]
10:39:16.299 [main] DEBUG org.springframework.test.context.BootstrapUtils - Instantiating TestContextBootstrapper for test class [com.spring.rk.microservices.turbine.TurbineApplicationTests] from class [org.springframework.boot.test.context.SpringBootTestContextBootstrapper]
10:39:16.311 [main] INFO org.springframework.boot.test.context.SpringBootTestContextBootstrapper - Neither @ContextConfiguration nor @ContextHierarchy found for test class [com.spring.rk.microservices.turbine.TurbineApplicationTests], using SpringBootContextLoader
10:39:16.317 [main] DEBUG org.springframework.test.context.support.AbstractContextLoader - Did not detect default resource location for test class [com.spring.rk.microservices.turbine.TurbineApplicationTests]: class path resource [com/spring/rk/microservices/turbine/TurbineApplicationTests-context.xml] does not exist
10:39:16.317 [main] DEBUG org.springframework.test.context.support.AbstractContextLoader - Did not detect default resource location for test class [com.spring.rk.microservices.turbine.TurbineApplicationTests]: class path resource [com/spring/rk/microservices/turbine/TurbineApplicationTestsContext.groovy] does not exist
10:39:16.317 [main] INFO org.springframework.test.context.support.AbstractContextLoader - Could not detect default resource locations for test class [com.spring.rk.microservices.turbine.TurbineApplicationTests]: no resource found for suffixes {-context.xml, Context.groovy}.
10:39:16.318 [main] INFO org.springframework.test.context.support.AnnotationConfigContextLoaderUtils - Could not detect default configuration classes for test class [com.spring.rk.microservices.turbine.TurbineApplicationTests]: TurbineApplicationTests does not declare any static, non-private, non-final, nested classes annotated with @Configuration.
10:39:16.370 [main] DEBUG org.springframework.test.context.support.ActiveProfilesUtils - Could not find an 'annotation declaring class' for annotation type [org.springframework.test.context.ActiveProfiles] and class [com.spring.rk.microservices.turbine.TurbineApplicationTests]
10:39:16.380 [main] DEBUG org.springframework.core.env.StandardEnvironment - Adding PropertySource 'systemProperties' with lowest search precedence
10:39:16.380 [main] DEBUG org.springframework.core.env.StandardEnvironment - Adding PropertySource 'systemEnvironment' with lowest search precedence
10:39:16.381 [main] DEBUG org.springframework.core.env.StandardEnvironment - Initialized StandardEnvironment with PropertySources [MapPropertySource@140799417 {name='systemProperties', properties={idea.version=2017.2.5, java.runtime.name=Java(TM) SE Runtime Environment, sun.boot.library.path=C:\Program Files\Java\jdk1.8.0_66\jre\bin, java.vm.version=25.66-b18, java.vm.vendor=Oracle Corporation, java.vendor.url=http://java.oracle.com/, path.separator=;, java.vm.name=Java HotSpot(TM) 64-Bit Server VM, file.encoding.pkg=sun.io, user.country=GB, user.script=, sun.java.launcher=SUN_STANDARD, sun.os.patch.level=Service Pack 1, java.vm.specification.name=Java Virtual Machine Specification, user.dir=C:\GIT_Workspace\spring-microservices\turbine, java.runtime.version=1.8.0_66-b18, basedir=C:\GIT_Workspace\spring-microservices\turbine, java.awt.graphicsenv=sun.awt.Win32GraphicsEnvironment, java.endorsed.dirs=C:\Program Files\Java\jdk1.8.0_66\jre\lib\endorsed, os.arch=amd64, surefire.real.class.path=C:\GIT_Workspace\spring-microservices\turbine\target\surefire\surefirebooter8122634259066927676.jar, java.io.tmpdir=C:\Users\RAM~1.KAT\AppData\Local\Temp\, line.separator=
, java.vm.specification.vendor=Oracle Corporation, user.variant=, os.name=Windows 7, sun.jnu.encoding=Cp1252, java.library.path=C:\Program Files\Java\jdk1.8.0_66\jre\bin;C:\windows\Sun\Java\bin;C:\windows\system32;C:\windows;C:\Program Files\IBM\WebSphere MQ\java\lib;C:\Program Files\IBM\WebSphere MQ\java\lib64;C:\ProgramData\Oracle\Java\javapath;C:\oraclient11g_new\product\11.2.0\client_1\bin;C:\windows\system32;C:\windows;C:\windows\System32\Wbem;C:\windows\System32\WindowsPowerShell\v1.0\;C:\Program Files (x86)\Common Files\Check Point\UIFramework 3.0\Bin\;C:\Program Files (x86)\CheckPoint\Endpoint Security\Endpoint Common\bin;C:\Program Files (x86)\WebEx\PTools020000000;C:\Program Files (x86)\Sennheiser\SoftphoneSDK\;C:\Cloud Foundry;C:\Nodejs\;C:\Program Files\Cloud Foundry;C:\Program Files\IBM\WebSphere MQ\bin64;C:\Program Files\IBM\WebSphere MQ\bin;C:\Program Files\IBM\WebSphere MQ\tools\c\samples\bin;H:\Windows\LocalAppData\npm;C:\Users\ram.katrapati\AppData\Local\atom\bin;C:\Users\ram.katrapati\AppData\Local\.meteor\;C:\Software\Heroku\bin;., surefire.test.class.path=C:\GIT_Workspace\spring-microservices\turbine\target\test-classes;C:\GIT_Workspace\spring-microservices\turbine\target\classes;C:\Users\ram.katrapati\.m2\intellij_projects\org\springframework\boot\spring-boot-starter-web\1.5.8.RELEASE\spring-boot-starter-web-1.5.8.RELEASE.jar;C:\Users\ram.katrapati\.m2\intellij_projects\org\springframework\boot\spring-boot-starter\1.5.8.RELEASE\spring-boot-starter-1.5.8.RELEASE.jar;C:\Users\ram.katrapati\.m2\intellij_projects\org\springframework\boot\spring-boot\1.5.8.RELEASE\spring-boot-1.5.8.RELEASE.jar;C:\Users\ram.katrapati\.m2\intellij_projects\org\springframework\boot\spring-boot-autoconfigure\1.5.8.RELEASE\spring-boot-autoconfigure-1.5.8.RELEASE.jar;C:\Users\ram.katrapati\.m2\intellij_projects\org\springframework\boot\spring-boot-starter-logging\1.5.8.RELEASE\spring-boot-starter-logging-1.5.8.RELEASE.jar;C:\Users\ram.katrapati\.m2\intellij_projects\ch\qos\logback\logback-classic\1.1.11\logback-classic-1.1.11.jar;C:\Users\ram.katrapati\.m2\intellij_projects\ch\qos\logback\logback-core\1.1.11\logback-core-1.1.11.jar;C:\Users\ram.katrapati\.m2\intellij_projects\org\slf4j\jcl-over-slf4j\1.7.25\jcl-over-slf4j-1.7.25.jar;C:\Users\ram.katrapati\.m2\intellij_projects\org\slf4j\jul-to-slf4j\1.7.25\jul-to-slf4j-1.7.25.jar;C:\Users\ram.katrapati\.m2\intellij_projects\org\slf4j\log4j-over-slf4j\1.7.25\log4j-over-slf4j-1.7.25.jar;C:\Users\ram.katrapati\.m2\intellij_projects\org\yaml\snakeyaml\1.17\snakeyaml-1.17.jar;C:\Users\ram.katrapati\.m2\intellij_projects\org\hibernate\hibernate-validator\5.3.5.Final\hibernate-validator-5.3.5.Final.jar;C:\Users\ram.katrapati\.m2\intellij_projects\javax\validation\validation-api\1.1.0.Final\validation-api-1.1.0.Final.jar;C:\Users\ram.katrapati\.m2\intellij_projects\org\jboss\logging\jboss-logging\3.3.1.Final\jboss-logging-3.3.1.Final.jar;C:\Users\ram.katrapati\.m2\intellij_projects\com\fasterxml\classmate\1.3.4\classmate-1.3.4.jar;C:\Users\ram.katrapati\.m2\intellij_projects\com\fasterxml\jackson\core\jackson-databind\2.8.10\jackson-databind-2.8.10.jar;C:\Users\ram.katrapati\.m2\intellij_projects\com\fasterxml\jackson\core\jackson-annotations\2.8.0\jackson-annotations-2.8.0.jar;C:\Users\ram.katrapati\.m2\intellij_projects\com\fasterxml\jackson\core\jackson-core\2.8.10\jackson-core-2.8.10.jar;C:\Users\ram.katrapati\.m2\intellij_projects\org\springframework\spring-web\4.3.12.RELEASE\spring-web-4.3.12.RELEASE.jar;C:\Users\ram.katrapati\.m2\intellij_projects\org\springframework\spring-aop\4.3.12.RELEASE\spring-aop-4.3.12.RELEASE.jar;C:\Users\ram.katrapati\.m2\intellij_projects\org\springframework\spring-beans\4.3.12.RELEASE\spring-beans-4.3.12.RELEASE.jar;C:\Users\ram.katrapati\.m2\intellij_projects\org\springframework\spring-context\4.3.12.RELEASE\spring-context-4.3.12.RELEASE.jar;C:\Users\ram.katrapati\.m2\intellij_projects\org\springframework\spring-webmvc\4.3.12.RELEASE\spring-webmvc-4.3.12.RELEASE.jar;C:\Users\ram.katrapati\.m2\intellij_projects\org\springframework\spring-expression\4.3.12.RELEASE\spring-expression-4.3.12.RELEASE.jar;C:\Users\ram.katrapati\.m2\intellij_projects\org\springframework\boot\spring-boot-starter-undertow\1.5.8.RELEASE\spring-boot-starter-undertow-1.5.8.RELEASE.jar;C:\Users\ram.katrapati\.m2\intellij_projects\io\undertow\undertow-core\1.4.20.Final\undertow-core-1.4.20.Final.jar;C:\Users\ram.katrapati\.m2\intellij_projects\org\jboss\xnio\xnio-api\3.3.8.Final\xnio-api-3.3.8.Final.jar;C:\Users\ram.katrapati\.m2\intellij_projects\org\jboss\xnio\xnio-nio\3.3.8.Final\xnio-nio-3.3.8.Final.jar;C:\Users\ram.katrapati\.m2\intellij_projects\io\undertow\undertow-servlet\1.4.20.Final\undertow-servlet-1.4.20.Final.jar;C:\Users\ram.katrapati\.m2\intellij_projects\org\jboss\spec\javax\annotation\jboss-annotations-api_1.2_spec\1.0.0.Final\jboss-annotations-api_1.2_spec-1.0.0.Final.jar;C:\Users\ram.katrapati\.m2\intellij_projects\io\undertow\undertow-websockets-jsr\1.4.20.Final\undertow-websockets-jsr-1.4.20.Final.jar;C:\Users\ram.katrapati\.m2\intellij_projects\org\jboss\spec\javax\websocket\jboss-websocket-api_1.1_spec\1.1.0.Final\jboss-websocket-api_1.1_spec-1.1.0.Final.jar;C:\Users\ram.katrapati\.m2\intellij_projects\javax\servlet\javax.servlet-api\3.1.0\javax.servlet-api-3.1.0.jar;C:\Users\ram.katrapati\.m2\intellij_projects\org\glassfish\javax.el\3.0.0\javax.el-3.0.0.jar;C:\Users\ram.katrapati\.m2\intellij_projects\org\springframework\cloud\spring-cloud-netflix-turbine-amqp\1.0.7.RELEASE\spring-cloud-netflix-turbine-amqp-1.0.7.RELEASE.jar;C:\Users\ram.katrapati\.m2\intellij_projects\org\springframework\cloud\spring-cloud-netflix-core\1.3.5.RELEASE\spring-cloud-netflix-core-1.3.5.RELEASE.jar;C:\Users\ram.katrapati\.m2\intellij_projects\org\springframework\boot\spring-boot-starter-amqp\1.5.8.RELEASE\spring-boot-starter-amqp-1.5.8.RELEASE.jar;C:\Users\ram.katrapati\.m2\intellij_projects\org\springframework\spring-messaging\4.3.12.RELEASE\spring-messaging-4.3.12.RELEASE.jar;C:\Users\ram.katrapati\.m2\intellij_projects\org\springframework\amqp\spring-rabbit\1.7.4.RELEASE\spring-rabbit-1.7.4.RELEASE.jar;C:\Users\ram.katrapati\.m2\intellij_projects\com\rabbitmq\http-client\1.1.1.RELEASE\http-client-1.1.1.RELEASE.jar;C:\Users\ram.katrapati\.m2\intellij_projects\com\rabbitmq\amqp-client\4.0.3\amqp-client-4.0.3.jar;C:\Users\ram.katrapati\.m2\intellij_projects\org\springframework\retry\spring-retry\1.2.1.RELEASE\spring-retry-1.2.1.RELEASE.jar;C:\Users\ram.katrapati\.m2\intellij_projects\org\springframework\amqp\spring-amqp\1.7.4.RELEASE\spring-amqp-1.7.4.RELEASE.jar;C:\Users\ram.katrapati\.m2\intellij_projects\org\springframework\spring-tx\4.3.12.RELEASE\spring-tx-4.3.12.RELEASE.jar;C:\Users\ram.katrapati\.m2\intellij_projects\org\springframework\integration\spring-integration-amqp\4.3.12.RELEASE\spring-integration-amqp-4.3.12.RELEASE.jar;C:\Users\ram.katrapati\.m2\intellij_projects\org\springframework\integration\spring-integration-core\4.3.12.RELEASE\spring-integration-core-4.3.12.RELEASE.jar;C:\Users\ram.katrapati\.m2\intellij_projects\org\springframework\integration\spring-integration-java-dsl\1.2.3.RELEASE\spring-integration-java-dsl-1.2.3.RELEASE.jar;C:\Users\ram.katrapati\.m2\intellij_projects\org\reactivestreams\reactive-streams\1.0.0\reactive-streams-1.0.0.jar;C:\Users\ram.katrapati\.m2\intellij_projects\com\netflix\turbine\turbine-core\2.0.0-DP.2\turbine-core-2.0.0-DP.2.jar;C:\Users\ram.katrapati\.m2\intellij_projects\net\sf\jopt-simple\jopt-simple\4.8\jopt-simple-4.8.jar;C:\Users\ram.katrapati\.m2\intellij_projects\com\netflix\rxnetty\rx-netty\0.3.18\rx-netty-0.3.18.jar;C:\Users\ram.katrapati\.m2\intellij_projects\io\netty\netty-codec-http\4.0.21.Final\netty-codec-http-4.0.21.Final.jar;C:\Users\ram.katrapati\.m2\intellij_projects\io\netty\netty-codec\4.0.21.Final\netty-codec-4.0.21.Final.jar;C:\Users\ram.katrapati\.m2\intellij_projects\io\netty\netty-handler\4.0.21.Final\netty-handler-4.0.21.Final.jar;C:\Users\ram.katrapati\.m2\intellij_projects\io\netty\netty-transport-native-epoll\4.0.21.Final\netty-transport-native-epoll-4.0.21.Final.jar;C:\Users\ram.katrapati\.m2\intellij_projects\io\netty\netty-common\4.0.21.Final\netty-common-4.0.21.Final.jar;C:\Users\ram.katrapati\.m2\intellij_projects\io\netty\netty-buffer\4.0.21.Final\netty-buffer-4.0.21.Final.jar;C:\Users\ram.katrapati\.m2\intellij_projects\io\netty\netty-transport\4.0.21.Final\netty-transport-4.0.21.Final.jar;C:\Users\ram.katrapati\.m2\intellij_projects\org\codehaus\jackson\jackson-mapper-asl\1.9.2\jackson-mapper-asl-1.9.2.jar;C:\Users\ram.katrapati\.m2\intellij_projects\org\codehaus\jackson\jackson-core-asl\1.9.2\jackson-core-asl-1.9.2.jar;C:\Users\ram.katrapati\.m2\intellij_projects\io\reactivex\rxjava\1.1.10\rxjava-1.1.10.jar;C:\Users\ram.katrapati\.m2\intellij_projects\org\springframework\cloud\spring-cloud-starter-eureka\1.3.5.RELEASE\spring-cloud-starter-eureka-1.3.5.RELEASE.jar;C:\Users\ram.katrapati\.m2\intellij_projects\org\springframework\cloud\spring-cloud-starter\1.2.4.RELEASE\spring-cloud-starter-1.2.4.RELEASE.jar;C:\Users\ram.katrapati\.m2\intellij_projects\org\springframework\cloud\spring-cloud-context\1.2.4.RELEASE\spring-cloud-context-1.2.4.RELEASE.jar;C:\Users\ram.katrapati\.m2\intellij_projects\org\springframework\security\spring-security-crypto\4.2.3.RELEASE\spring-security-crypto-4.2.3.RELEASE.jar;C:\Users\ram.katrapati\.m2\intellij_projects\org\springframework\cloud\spring-cloud-commons\1.2.4.RELEASE\spring-cloud-commons-1.2.4.RELEASE.jar;C:\Users\ram.katrapati\.m2\intellij_projects\org\springframework\security\spring-security-rsa\1.0.3.RELEASE\spring-security-rsa-1.0.3.RELEASE.jar;C:\Users\ram.katrapati\.m2\intellij_projects\org\bouncycastle\bcpkix-jdk15on\1.55\bcpkix-jdk15on-1.55.jar;C:\Users\ram.katrapati\.m2\intellij_projects\org\bouncycastle\bcprov-jdk15on\1.55\bcprov-jdk15on-1.55.jar;C:\Users\ram.katrapati\.m2\intellij_projects\org\springframework\cloud\spring-cloud-netflix-eureka-client\1.3.5.RELEASE\spring-cloud-netflix-eureka-client-1.3.5.RELEASE.jar;C:\Users\ram.katrapati\.m2\intellij_projects\com\netflix\eureka\eureka-client\1.6.2\eureka-client-1.6.2.jar;C:\Users\ram.katrapati\.m2\intellij_projects\org\codehaus\jettison\jettison\1.3.7\jettison-1.3.7.jar;C:\Users\ram.katrapati\.m2\intellij_projects\stax\stax-api\1.0.1\stax-api-1.0.1.jar;C:\Users\ram.katrapati\.m2\intellij_projects\com\netflix\netflix-commons\netflix-eventbus\0.3.0\netflix-eventbus-0.3.0.jar;C:\Users\ram.katrapati\.m2\intellij_projects\com\netflix\netflix-commons\netflix-infix\0.3.0\netflix-infix-0.3.0.jar;C:\Users\ram.katrapati\.m2\intellij_projects\commons-jxpath\commons-jxpath\1.3\commons-jxpath-1.3.jar;C:\Users\ram.katrapati\.m2\intellij_projects\joda-time\joda-time\2.9.9\joda-time-2.9.9.jar;C:\Users\ram.katrapati\.m2\intellij_projects\org\antlr\antlr-runtime\3.4\antlr-runtime-3.4.jar;C:\Users\ram.katrapati\.m2\intellij_projects\org\antlr\stringtemplate\3.2.1\stringtemplate-3.2.1.jar;C:\Users\ram.katrapati\.m2\intellij_projects\antlr\antlr\2.7.7\antlr-2.7.7.jar;C:\Users\ram.katrapati\.m2\intellij_projects\com\google\code\gson\gson\2.8.2\gson-2.8.2.jar;C:\Users\ram.katrapati\.m2\intellij_projects\org\apache\commons\commons-math\2.2\commons-math-2.2.jar;C:\Users\ram.katrapati\.m2\intellij_projects\com\netflix\archaius\archaius-core\0.7.4\archaius-core-0.7.4.jar;C:\Users\ram.katrapati\.m2\intellij_projects\javax\ws\rs\jsr311-api\1.1.1\jsr311-api-1.1.1.jar;C:\Users\ram.katrapati\.m2\intellij_projects\com\netflix\servo\servo-core\0.10.1\servo-core-0.10.1.jar;C:\Users\ram.katrapati\.m2\intellij_projects\com\netflix\servo\servo-internal\0.10.1\servo-internal-0.10.1.jar;C:\Users\ram.katrapati\.m2\intellij_projects\com\sun\jersey\jersey-core\1.19.1\jersey-core-1.19.1.jar;C:\Users\ram.katrapati\.m2\intellij_projects\com\sun\jersey\jersey-client\1.19.1\jersey-client-1.19.1.jar;C:\Users\ram.katrapati\.m2\intellij_projects\com\sun\jersey\contribs\jersey-apache-client4\1.19.1\jersey-apache-client4-1.19.1.jar;C:\Users\ram.katrapati\.m2\intellij_projects\org\apache\httpcomponents\httpclient\4.5.3\httpclient-4.5.3.jar;C:\Users\ram.katrapati\.m2\intellij_projects\org\apache\httpcomponents\httpcore\4.4.8\httpcore-4.4.8.jar;C:\Users\ram.katrapati\.m2\intellij_projects\commons-codec\commons-codec\1.10\commons-codec-1.10.jar;C:\Users\ram.katrapati\.m2\intellij_projects\com\google\inject\guice\4.1.0\guice-4.1.0.jar;C:\Users\ram.katrapati\.m2\intellij_projects\javax\inject\javax.inject\1\javax.inject-1.jar;C:\Users\ram.katrapati\.m2\intellij_projects\aopalliance\aopalliance\1.0\aopalliance-1.0.jar;C:\Users\ram.katrapati\.m2\intellij_projects\com\netflix\eureka\eureka-core\1.6.2\eureka-core-1.6.2.jar;C:\Users\ram.katrapati\.m2\intellij_projects\org\codehaus\woodstox\woodstox-core-asl\4.4.1\woodstox-core-asl-4.4.1.jar;C:\Users\ram.katrapati\.m2\intellij_projects\javax\xml\stream\stax-api\1.0-2\stax-api-1.0-2.jar;C:\Users\ram.katrapati\.m2\intellij_projects\org\codehaus\woodstox\stax2-api\3.1.4\stax2-api-3.1.4.jar;C:\Users\ram.katrapati\.m2\intellij_projects\org\springframework\cloud\spring-cloud-starter-archaius\1.3.5.RELEASE\spring-cloud-starter-archaius-1.3.5.RELEASE.jar;C:\Users\ram.katrapati\.m2\intellij_projects\commons-configuration\commons-configuration\1.8\commons-configuration-1.8.jar;C:\Users\ram.katrapati\.m2\intellij_projects\commons-lang\commons-lang\2.6\commons-lang-2.6.jar;C:\Users\ram.katrapati\.m2\intellij_projects\com\google\guava\guava\18.0\guava-18.0.jar;C:\Users\ram.katrapati\.m2\intellij_projects\org\springframework\cloud\spring-cloud-starter-ribbon\1.3.5.RELEASE\spring-cloud-starter-ribbon-1.3.5.RELEASE.jar;C:\Users\ram.katrapati\.m2\intellij_projects\com\netflix\ribbon\ribbon\2.2.2\ribbon-2.2.2.jar;C:\Users\ram.katrapati\.m2\intellij_projects\com\netflix\ribbon\ribbon-transport\2.2.2\ribbon-transport-2.2.2.jar;C:\Users\ram.katrapati\.m2\intellij_projects\io\reactivex\rxnetty-contexts\0.4.9\rxnetty-contexts-0.4.9.jar;C:\Users\ram.katrapati\.m2\intellij_projects\io\reactivex\rxnetty-servo\0.4.9\rxnetty-servo-0.4.9.jar;C:\Users\ram.katrapati\.m2\intellij_projects\com\netflix\hystrix\hystrix-core\1.5.12\hystrix-core-1.5.12.jar;C:\Users\ram.katrapati\.m2\intellij_projects\org\hdrhistogram\HdrHistogram\2.1.9\HdrHistogram-2.1.9.jar;C:\Users\ram.katrapati\.m2\intellij_projects\io\reactivex\rxnetty\0.4.9\rxnetty-0.4.9.jar;C:\Users\ram.katrapati\.m2\intellij_projects\com\netflix\ribbon\ribbon-core\2.2.2\ribbon-core-2.2.2.jar;C:\Users\ram.katrapati\.m2\intellij_projects\com\netflix\ribbon\ribbon-httpclient\2.2.2\ribbon-httpclient-2.2.2.jar;C:\Users\ram.katrapati\.m2\intellij_projects\commons-collections\commons-collections\3.2.2\commons-collections-3.2.2.jar;C:\Users\ram.katrapati\.m2\intellij_projects\com\netflix\netflix-commons\netflix-commons-util\0.1.1\netflix-commons-util-0.1.1.jar;C:\Users\ram.katrapati\.m2\intellij_projects\com\netflix\ribbon\ribbon-loadbalancer\2.2.2\ribbon-loadbalancer-2.2.2.jar;C:\Users\ram.katrapati\.m2\intellij_projects\com\netflix\netflix-commons\netflix-statistics\0.1.1\netflix-statistics-0.1.1.jar;C:\Users\ram.katrapati\.m2\intellij_projects\com\netflix\ribbon\ribbon-eureka\2.2.2\ribbon-eureka-2.2.2.jar;C:\Users\ram.katrapati\.m2\intellij_projects\org\slf4j\slf4j-api\1.7.25\slf4j-api-1.7.25.jar;C:\Users\ram.katrapati\.m2\intellij_projects\com\thoughtworks\xstream\xstream\1.4.9\xstream-1.4.9.jar;C:\Users\ram.katrapati\.m2\intellij_projects\xmlpull\xmlpull\1.1.3.1\xmlpull-1.1.3.1.jar;C:\Users\ram.katrapati\.m2\intellij_projects\xpp3\xpp3_min\1.1.4c\xpp3_min-1.1.4c.jar;C:\Users\ram.katrapati\.m2\intellij_projects\org\springframework\cloud\spring-cloud-starter-config\1.3.3.RELEASE\spring-cloud-starter-config-1.3.3.RELEASE.jar;C:\Users\ram.katrapati\.m2\intellij_projects\org\springframework\cloud\spring-cloud-config-client\1.3.3.RELEASE\spring-cloud-config-client-1.3.3.RELEASE.jar;C:\Users\ram.katrapati\.m2\intellij_projects\org\springframework\boot\spring-boot-starter-test\1.5.8.RELEASE\spring-boot-starter-test-1.5.8.RELEASE.jar;C:\Users\ram.katrapati\.m2\intellij_projects\org\springframework\boot\spring-boot-test\1.5.8.RELEASE\spring-boot-test-1.5.8.RELEASE.jar;C:\Users\ram.katrapati\.m2\intellij_projects\org\springframework\boot\spring-boot-test-autoconfigure\1.5.8.RELEASE\spring-boot-test-autoconfigure-1.5.8.RELEASE.jar;C:\Users\ram.katrapati\.m2\intellij_projects\com\jayway\jsonpath\json-path\2.2.0\json-path-2.2.0.jar;C:\Users\ram.katrapati\.m2\intellij_projects\net\minidev\json-smart\2.2.1\json-smart-2.2.1.jar;C:\Users\ram.katrapati\.m2\intellij_projects\net\minidev\accessors-smart\1.1\accessors-smart-1.1.jar;C:\Users\ram.katrapati\.m2\intellij_projects\org\ow2\asm\asm\5.0.3\asm-5.0.3.jar;C:\Users\ram.katrapati\.m2\intellij_projects\junit\junit\4.12\junit-4.12.jar;C:\Users\ram.katrapati\.m2\intellij_projects\org\assertj\assertj-core\2.6.0\assertj-core-2.6.0.jar;C:\Users\ram.katrapati\.m2\intellij_projects\org\mockito\mockito-core\1.10.19\mockito-core-1.10.19.jar;C:\Users\ram.katrapati\.m2\intellij_projects\org\objenesis\objenesis\2.1\objenesis-2.1.jar;C:\Users\ram.katrapati\.m2\intellij_projects\org\hamcrest\hamcrest-core\1.3\hamcrest-core-1.3.jar;C:\Users\ram.katrapati\.m2\intellij_projects\org\hamcrest\hamcrest-library\1.3\hamcrest-library-1.3.jar;C:\Users\ram.katrapati\.m2\intellij_projects\org\skyscreamer\jsonassert\1.4.0\jsonassert-1.4.0.jar;C:\Users\ram.katrapati\.m2\intellij_projects\com\vaadin\external\google\android-json\0.0.20131108.vaadin1\android-json-0.0.20131108.vaadin1.jar;C:\Users\ram.katrapati\.m2\intellij_projects\org\springframework\spring-core\4.3.12.RELEASE\spring-core-4.3.12.RELEASE.jar;C:\Users\ram.katrapati\.m2\intellij_projects\org\springframework\spring-test\4.3.12.RELEASE\spring-test-4.3.12.RELEASE.jar;, java.specification.name=Java Platform API Specification, java.class.version=52.0, sun.management.compiler=HotSpot 64-Bit Tiered Compilers, os.version=6.1, user.home=C:\Users\ram.katrapati, user.timezone=Europe/London, java.awt.printerjob=sun.awt.windows.WPrinterJob, file.encoding=Cp1252, java.specification.version=1.8, java.class.path=C:\GIT_Workspace\spring-microservices\turbine\target\test-classes;C:\GIT_Workspace\spring-microservices\turbine\target\classes;C:\Users\ram.katrapati\.m2\intellij_projects\org\springframework\boot\spring-boot-starter-web\1.5.8.RELEASE\spring-boot-starter-web-1.5.8.RELEASE.jar;C:\Users\ram.katrapati\.m2\intellij_projects\org\springframework\boot\spring-boot-starter\1.5.8.RELEASE\spring-boot-starter-1.5.8.RELEASE.jar;C:\Users\ram.katrapati\.m2\intellij_projects\org\springframework\boot\spring-boot\1.5.8.RELEASE\spring-boot-1.5.8.RELEASE.jar;C:\Users\ram.katrapati\.m2\intellij_projects\org\springframework\boot\spring-boot-autoconfigure\1.5.8.RELEASE\spring-boot-autoconfigure-1.5.8.RELEASE.jar;C:\Users\ram.katrapati\.m2\intellij_projects\org\springframework\boot\spring-boot-starter-logging\1.5.8.RELEASE\spring-boot-starter-logging-1.5.8.RELEASE.jar;C:\Users\ram.katrapati\.m2\intellij_projects\ch\qos\logback\logback-classic\1.1.11\logback-classic-1.1.11.jar;C:\Users\ram.katrapati\.m2\intellij_projects\ch\qos\logback\logback-core\1.1.11\logback-core-1.1.11.jar;C:\Users\ram.katrapati\.m2\intellij_projects\org\slf4j\jcl-over-slf4j\1.7.25\jcl-over-slf4j-1.7.25.jar;C:\Users\ram.katrapati\.m2\intellij_projects\org\slf4j\jul-to-slf4j\1.7.25\jul-to-slf4j-1.7.25.jar;C:\Users\ram.katrapati\.m2\intellij_projects\org\slf4j\log4j-over-slf4j\1.7.25\log4j-over-slf4j-1.7.25.jar;C:\Users\ram.katrapati\.m2\intellij_projects\org\yaml\snakeyaml\1.17\snakeyaml-1.17.jar;C:\Users\ram.katrapati\.m2\intellij_projects\org\hibernate\hibernate-validator\5.3.5.Final\hibernate-validator-5.3.5.Final.jar;C:\Users\ram.katrapati\.m2\intellij_projects\javax\validation\validation-api\1.1.0.Final\validation-api-1.1.0.Final.jar;C:\Users\ram.katrapati\.m2\intellij_projects\org\jboss\logging\jboss-logging\3.3.1.Final\jboss-logging-3.3.1.Final.jar;C:\Users\ram.katrapati\.m2\intellij_projects\com\fasterxml\classmate\1.3.4\classmate-1.3.4.jar;C:\Users\ram.katrapati\.m2\intellij_projects\com\fasterxml\jackson\core\jackson-databind\2.8.10\jackson-databind-2.8.10.jar;C:\Users\ram.katrapati\.m2\intellij_projects\com\fasterxml\jackson\core\jackson-annotations\2.8.0\jackson-annotations-2.8.0.jar;C:\Users\ram.katrapati\.m2\intellij_projects\com\fasterxml\jackson\core\jackson-core\2.8.10\jackson-core-2.8.10.jar;C:\Users\ram.katrapati\.m2\intellij_projects\org\springframework\spring-web\4.3.12.RELEASE\spring-web-4.3.12.RELEASE.jar;C:\Users\ram.katrapati\.m2\intellij_projects\org\springframework\spring-aop\4.3.12.RELEASE\spring-aop-4.3.12.RELEASE.jar;C:\Users\ram.katrapati\.m2\intellij_projects\org\springframework\spring-beans\4.3.12.RELEASE\spring-beans-4.3.12.RELEASE.jar;C:\Users\ram.katrapati\.m2\intellij_projects\org\springframework\spring-context\4.3.12.RELEASE\spring-context-4.3.12.RELEASE.jar;C:\Users\ram.katrapati\.m2\intellij_projects\org\springframework\spring-webmvc\4.3.12.RELEASE\spring-webmvc-4.3.12.RELEASE.jar;C:\Users\ram.katrapati\.m2\intellij_projects\org\springframework\spring-expression\4.3.12.RELEASE\spring-expression-4.3.12.RELEASE.jar;C:\Users\ram.katrapati\.m2\intellij_projects\org\springframework\boot\spring-boot-starter-undertow\1.5.8.RELEASE\spring-boot-starter-undertow-1.5.8.RELEASE.jar;C:\Users\ram.katrapati\.m2\intellij_projects\io\undertow\undertow-core\1.4.20.Final\undertow-core-1.4.20.Final.jar;C:\Users\ram.katrapati\.m2\intellij_projects\org\jboss\xnio\xnio-api\3.3.8.Final\xnio-api-3.3.8.Final.jar;C:\Users\ram.katrapati\.m2\intellij_projects\org\jboss\xnio\xnio-nio\3.3.8.Final\xnio-nio-3.3.8.Final.jar;C:\Users\ram.katrapati\.m2\intellij_projects\io\undertow\undertow-servlet\1.4.20.Final\undertow-servlet-1.4.20.Final.jar;C:\Users\ram.katrapati\.m2\intellij_projects\org\jboss\spec\javax\annotation\jboss-annotations-api_1.2_spec\1.0.0.Final\jboss-annotations-api_1.2_spec-1.0.0.Final.jar;C:\Users\ram.katrapati\.m2\intellij_projects\io\undertow\undertow-websockets-jsr\1.4.20.Final\undertow-websockets-jsr-1.4.20.Final.jar;C:\Users\ram.katrapati\.m2\intellij_projects\org\jboss\spec\javax\websocket\jboss-websocket-api_1.1_spec\1.1.0.Final\jboss-websocket-api_1.1_spec-1.1.0.Final.jar;C:\Users\ram.katrapati\.m2\intellij_projects\javax\servlet\javax.servlet-api\3.1.0\javax.servlet-api-3.1.0.jar;C:\Users\ram.katrapati\.m2\intellij_projects\org\glassfish\javax.el\3.0.0\javax.el-3.0.0.jar;C:\Users\ram.katrapati\.m2\intellij_projects\org\springframework\cloud\spring-cloud-netflix-turbine-amqp\1.0.7.RELEASE\spring-cloud-netflix-turbine-amqp-1.0.7.RELEASE.jar;C:\Users\ram.katrapati\.m2\intellij_projects\org\springframework\cloud\spring-cloud-netflix-core\1.3.5.RELEASE\spring-cloud-netflix-core-1.3.5.RELEASE.jar;C:\Users\ram.katrapati\.m2\intellij_projects\org\springframework\boot\spring-boot-starter-amqp\1.5.8.RELEASE\spring-boot-starter-amqp-1.5.8.RELEASE.jar;C:\Users\ram.katrapati\.m2\intellij_projects\org\springframework\spring-messaging\4.3.12.RELEASE\spring-messaging-4.3.12.RELEASE.jar;C:\Users\ram.katrapati\.m2\intellij_projects\org\springframework\amqp\spring-rabbit\1.7.4.RELEASE\spring-rabbit-1.7.4.RELEASE.jar;C:\Users\ram.katrapati\.m2\intellij_projects\com\rabbitmq\http-client\1.1.1.RELEASE\http-client-1.1.1.RELEASE.jar;C:\Users\ram.katrapati\.m2\intellij_projects\com\rabbitmq\amqp-client\4.0.3\amqp-client-4.0.3.jar;C:\Users\ram.katrapati\.m2\intellij_projects\org\springframework\retry\spring-retry\1.2.1.RELEASE\spring-retry-1.2.1.RELEASE.jar;C:\Users\ram.katrapati\.m2\intellij_projects\org\springframework\amqp\spring-amqp\1.7.4.RELEASE\spring-amqp-1.7.4.RELEASE.jar;C:\Users\ram.katrapati\.m2\intellij_projects\org\springframework\spring-tx\4.3.12.RELEASE\spring-tx-4.3.12.RELEASE.jar;C:\Users\ram.katrapati\.m2\intellij_projects\org\springframework\integration\spring-integration-amqp\4.3.12.RELEASE\spring-integration-amqp-4.3.12.RELEASE.jar;C:\Users\ram.katrapati\.m2\intellij_projects\org\springframework\integration\spring-integration-core\4.3.12.RELEASE\spring-integration-core-4.3.12.RELEASE.jar;C:\Users\ram.katrapati\.m2\intellij_projects\org\springframework\integration\spring-integration-java-dsl\1.2.3.RELEASE\spring-integration-java-dsl-1.2.3.RELEASE.jar;C:\Users\ram.katrapati\.m2\intellij_projects\org\reactivestreams\reactive-streams\1.0.0\reactive-streams-1.0.0.jar;C:\Users\ram.katrapati\.m2\intellij_projects\com\netflix\turbine\turbine-core\2.0.0-DP.2\turbine-core-2.0.0-DP.2.jar;C:\Users\ram.katrapati\.m2\intellij_projects\net\sf\jopt-simple\jopt-simple\4.8\jopt-simple-4.8.jar;C:\Users\ram.katrapati\.m2\intellij_projects\com\netflix\rxnetty\rx-netty\0.3.18\rx-netty-0.3.18.jar;C:\Users\ram.katrapati\.m2\intellij_projects\io\netty\netty-codec-http\4.0.21.Final\netty-codec-http-4.0.21.Final.jar;C:\Users\ram.katrapati\.m2\intellij_projects\io\netty\netty-codec\4.0.21.Final\netty-codec-4.0.21.Final.jar;C:\Users\ram.katrapati\.m2\intellij_projects\io\netty\netty-handler\4.0.21.Final\netty-handler-4.0.21.Final.jar;C:\Users\ram.katrapati\.m2\intellij_projects\io\netty\netty-transport-native-epoll\4.0.21.Final\netty-transport-native-epoll-4.0.21.Final.jar;C:\Users\ram.katrapati\.m2\intellij_projects\io\netty\netty-common\4.0.21.Final\netty-common-4.0.21.Final.jar;C:\Users\ram.katrapati\.m2\intellij_projects\io\netty\netty-buffer\4.0.21.Final\netty-buffer-4.0.21.Final.jar;C:\Users\ram.katrapati\.m2\intellij_projects\io\netty\netty-transport\4.0.21.Final\netty-transport-4.0.21.Final.jar;C:\Users\ram.katrapati\.m2\intellij_projects\org\codehaus\jackson\jackson-mapper-asl\1.9.2\jackson-mapper-asl-1.9.2.jar;C:\Users\ram.katrapati\.m2\intellij_projects\org\codehaus\jackson\jackson-core-asl\1.9.2\jackson-core-asl-1.9.2.jar;C:\Users\ram.katrapati\.m2\intellij_projects\io\reactivex\rxjava\1.1.10\rxjava-1.1.10.jar;C:\Users\ram.katrapati\.m2\intellij_projects\org\springframework\cloud\spring-cloud-starter-eureka\1.3.5.RELEASE\spring-cloud-starter-eureka-1.3.5.RELEASE.jar;C:\Users\ram.katrapati\.m2\intellij_projects\org\springframework\cloud\spring-cloud-starter\1.2.4.RELEASE\spring-cloud-starter-1.2.4.RELEASE.jar;C:\Users\ram.katrapati\.m2\intellij_projects\org\springframework\cloud\spring-cloud-context\1.2.4.RELEASE\spring-cloud-context-1.2.4.RELEASE.jar;C:\Users\ram.katrapati\.m2\intellij_projects\org\springframework\security\spring-security-crypto\4.2.3.RELEASE\spring-security-crypto-4.2.3.RELEASE.jar;C:\Users\ram.katrapati\.m2\intellij_projects\org\springframework\cloud\spring-cloud-commons\1.2.4.RELEASE\spring-cloud-commons-1.2.4.RELEASE.jar;C:\Users\ram.katrapati\.m2\intellij_projects\org\springframework\security\spring-security-rsa\1.0.3.RELEASE\spring-security-rsa-1.0.3.RELEASE.jar;C:\Users\ram.katrapati\.m2\intellij_projects\org\bouncycastle\bcpkix-jdk15on\1.55\bcpkix-jdk15on-1.55.jar;C:\Users\ram.katrapati\.m2\intellij_projects\org\bouncycastle\bcprov-jdk15on\1.55\bcprov-jdk15on-1.55.jar;C:\Users\ram.katrapati\.m2\intellij_projects\org\springframework\cloud\spring-cloud-netflix-eureka-client\1.3.5.RELEASE\spring-cloud-netflix-eureka-client-1.3.5.RELEASE.jar;C:\Users\ram.katrapati\.m2\intellij_projects\com\netflix\eureka\eureka-client\1.6.2\eureka-client-1.6.2.jar;C:\Users\ram.katrapati\.m2\intellij_projects\org\codehaus\jettison\jettison\1.3.7\jettison-1.3.7.jar;C:\Users\ram.katrapati\.m2\intellij_projects\stax\stax-api\1.0.1\stax-api-1.0.1.jar;C:\Users\ram.katrapati\.m2\intellij_projects\com\netflix\netflix-commons\netflix-eventbus\0.3.0\netflix-eventbus-0.3.0.jar;C:\Users\ram.katrapati\.m2\intellij_projects\com\netflix\netflix-commons\netflix-infix\0.3.0\netflix-infix-0.3.0.jar;C:\Users\ram.katrapati\.m2\intellij_projects\commons-jxpath\commons-jxpath\1.3\commons-jxpath-1.3.jar;C:\Users\ram.katrapati\.m2\intellij_projects\joda-time\joda-time\2.9.9\joda-time-2.9.9.jar;C:\Users\ram.katrapati\.m2\intellij_projects\org\antlr\antlr-runtime\3.4\antlr-runtime-3.4.jar;C:\Users\ram.katrapati\.m2\intellij_projects\org\antlr\stringtemplate\3.2.1\stringtemplate-3.2.1.jar;C:\Users\ram.katrapati\.m2\intellij_projects\antlr\antlr\2.7.7\antlr-2.7.7.jar;C:\Users\ram.katrapati\.m2\intellij_projects\com\google\code\gson\gson\2.8.2\gson-2.8.2.jar;C:\Users\ram.katrapati\.m2\intellij_projects\org\apache\commons\commons-math\2.2\commons-math-2.2.jar;C:\Users\ram.katrapati\.m2\intellij_projects\com\netflix\archaius\archaius-core\0.7.4\archaius-core-0.7.4.jar;C:\Users\ram.katrapati\.m2\intellij_projects\javax\ws\rs\jsr311-api\1.1.1\jsr311-api-1.1.1.jar;C:\Users\ram.katrapati\.m2\intellij_projects\com\netflix\servo\servo-core\0.10.1\servo-core-0.10.1.jar;C:\Users\ram.katrapati\.m2\intellij_projects\com\netflix\servo\servo-internal\0.10.1\servo-internal-0.10.1.jar;C:\Users\ram.katrapati\.m2\intellij_projects\com\sun\jersey\jersey-core\1.19.1\jersey-core-1.19.1.jar;C:\Users\ram.katrapati\.m2\intellij_projects\com\sun\jersey\jersey-client\1.19.1\jersey-client-1.19.1.jar;C:\Users\ram.katrapati\.m2\intellij_projects\com\sun\jersey\contribs\jersey-apache-client4\1.19.1\jersey-apache-client4-1.19.1.jar;C:\Users\ram.katrapati\.m2\intellij_projects\org\apache\httpcomponents\httpclient\4.5.3\httpclient-4.5.3.jar;C:\Users\ram.katrapati\.m2\intellij_projects\org\apache\httpcomponents\httpcore\4.4.8\httpcore-4.4.8.jar;C:\Users\ram.katrapati\.m2\intellij_projects\commons-codec\commons-codec\1.10\commons-codec-1.10.jar;C:\Users\ram.katrapati\.m2\intellij_projects\com\google\inject\guice\4.1.0\guice-4.1.0.jar;C:\Users\ram.katrapati\.m2\intellij_projects\javax\inject\javax.inject\1\javax.inject-1.jar;C:\Users\ram.katrapati\.m2\intellij_projects\aopalliance\aopalliance\1.0\aopalliance-1.0.jar;C:\Users\ram.katrapati\.m2\intellij_projects\com\netflix\eureka\eureka-core\1.6.2\eureka-core-1.6.2.jar;C:\Users\ram.katrapati\.m2\intellij_projects\org\codehaus\woodstox\woodstox-core-asl\4.4.1\woodstox-core-asl-4.4.1.jar;C:\Users\ram.katrapati\.m2\intellij_projects\javax\xml\stream\stax-api\1.0-2\stax-api-1.0-2.jar;C:\Users\ram.katrapati\.m2\intellij_projects\org\codehaus\woodstox\stax2-api\3.1.4\stax2-api-3.1.4.jar;C:\Users\ram.katrapati\.m2\intellij_projects\org\springframework\cloud\spring-cloud-starter-archaius\1.3.5.RELEASE\spring-cloud-starter-archaius-1.3.5.RELEASE.jar;C:\Users\ram.katrapati\.m2\intellij_projects\commons-configuration\commons-configuration\1.8\commons-configuration-1.8.jar;C:\Users\ram.katrapati\.m2\intellij_projects\commons-lang\commons-lang\2.6\commons-lang-2.6.jar;C:\Users\ram.katrapati\.m2\intellij_projects\com\google\guava\guava\18.0\guava-18.0.jar;C:\Users\ram.katrapati\.m2\intellij_projects\org\springframework\cloud\spring-cloud-starter-ribbon\1.3.5.RELEASE\spring-cloud-starter-ribbon-1.3.5.RELEASE.jar;C:\Users\ram.katrapati\.m2\intellij_projects\com\netflix\ribbon\ribbon\2.2.2\ribbon-2.2.2.jar;C:\Users\ram.katrapati\.m2\intellij_projects\com\netflix\ribbon\ribbon-transport\2.2.2\ribbon-transport-2.2.2.jar;C:\Users\ram.katrapati\.m2\intellij_projects\io\reactivex\rxnetty-contexts\0.4.9\rxnetty-contexts-0.4.9.jar;C:\Users\ram.katrapati\.m2\intellij_projects\io\reactivex\rxnetty-servo\0.4.9\rxnetty-servo-0.4.9.jar;C:\Users\ram.katrapati\.m2\intellij_projects\com\netflix\hystrix\hystrix-core\1.5.12\hystrix-core-1.5.12.jar;C:\Users\ram.katrapati\.m2\intellij_projects\org\hdrhistogram\HdrHistogram\2.1.9\HdrHistogram-2.1.9.jar;C:\Users\ram.katrapati\.m2\intellij_projects\io\reactivex\rxnetty\0.4.9\rxnetty-0.4.9.jar;C:\Users\ram.katrapati\.m2\intellij_projects\com\netflix\ribbon\ribbon-core\2.2.2\ribbon-core-2.2.2.jar;C:\Users\ram.katrapati\.m2\intellij_projects\com\netflix\ribbon\ribbon-httpclient\2.2.2\ribbon-httpclient-2.2.2.jar;C:\Users\ram.katrapati\.m2\intellij_projects\commons-collections\commons-collections\3.2.2\commons-collections-3.2.2.jar;C:\Users\ram.katrapati\.m2\intellij_projects\com\netflix\netflix-commons\netflix-commons-util\0.1.1\netflix-commons-util-0.1.1.jar;C:\Users\ram.katrapati\.m2\intellij_projects\com\netflix\ribbon\ribbon-loadbalancer\2.2.2\ribbon-loadbalancer-2.2.2.jar;C:\Users\ram.katrapati\.m2\intellij_projects\com\netflix\netflix-commons\netflix-statistics\0.1.1\netflix-statistics-0.1.1.jar;C:\Users\ram.katrapati\.m2\intellij_projects\com\netflix\ribbon\ribbon-eureka\2.2.2\ribbon-eureka-2.2.2.jar;C:\Users\ram.katrapati\.m2\intellij_projects\org\slf4j\slf4j-api\1.7.25\slf4j-api-1.7.25.jar;C:\Users\ram.katrapati\.m2\intellij_projects\com\thoughtworks\xstream\xstream\1.4.9\xstream-1.4.9.jar;C:\Users\ram.katrapati\.m2\intellij_projects\xmlpull\xmlpull\1.1.3.1\xmlpull-1.1.3.1.jar;C:\Users\ram.katrapati\.m2\intellij_projects\xpp3\xpp3_min\1.1.4c\xpp3_min-1.1.4c.jar;C:\Users\ram.katrapati\.m2\intellij_projects\org\springframework\cloud\spring-cloud-starter-config\1.3.3.RELEASE\spring-cloud-starter-config-1.3.3.RELEASE.jar;C:\Users\ram.katrapati\.m2\intellij_projects\org\springframework\cloud\spring-cloud-config-client\1.3.3.RELEASE\spring-cloud-config-client-1.3.3.RELEASE.jar;C:\Users\ram.katrapati\.m2\intellij_projects\org\springframework\boot\spring-boot-starter-test\1.5.8.RELEASE\spring-boot-starter-test-1.5.8.RELEASE.jar;C:\Users\ram.katrapati\.m2\intellij_projects\org\springframework\boot\spring-boot-test\1.5.8.RELEASE\spring-boot-test-1.5.8.RELEASE.jar;C:\Users\ram.katrapati\.m2\intellij_projects\org\springframework\boot\spring-boot-test-autoconfigure\1.5.8.RELEASE\spring-boot-test-autoconfigure-1.5.8.RELEASE.jar;C:\Users\ram.katrapati\.m2\intellij_projects\com\jayway\jsonpath\json-path\2.2.0\json-path-2.2.0.jar;C:\Users\ram.katrapati\.m2\intellij_projects\net\minidev\json-smart\2.2.1\json-smart-2.2.1.jar;C:\Users\ram.katrapati\.m2\intellij_projects\net\minidev\accessors-smart\1.1\accessors-smart-1.1.jar;C:\Users\ram.katrapati\.m2\intellij_projects\org\ow2\asm\asm\5.0.3\asm-5.0.3.jar;C:\Users\ram.katrapati\.m2\intellij_projects\junit\junit\4.12\junit-4.12.jar;C:\Users\ram.katrapati\.m2\intellij_projects\org\assertj\assertj-core\2.6.0\assertj-core-2.6.0.jar;C:\Users\ram.katrapati\.m2\intellij_projects\org\mockito\mockito-core\1.10.19\mockito-core-1.10.19.jar;C:\Users\ram.katrapati\.m2\intellij_projects\org\objenesis\objenesis\2.1\objenesis-2.1.jar;C:\Users\ram.katrapati\.m2\intellij_projects\org\hamcrest\hamcrest-core\1.3\hamcrest-core-1.3.jar;C:\Users\ram.katrapati\.m2\intellij_projects\org\hamcrest\hamcrest-library\1.3\hamcrest-library-1.3.jar;C:\Users\ram.katrapati\.m2\intellij_projects\org\skyscreamer\jsonassert\1.4.0\jsonassert-1.4.0.jar;C:\Users\ram.katrapati\.m2\intellij_projects\com\vaadin\external\google\android-json\0.0.20131108.vaadin1\android-json-0.0.20131108.vaadin1.jar;C:\Users\ram.katrapati\.m2\intellij_projects\org\springframework\spring-core\4.3.12.RELEASE\spring-core-4.3.12.RELEASE.jar;C:\Users\ram.katrapati\.m2\intellij_projects\org\springframework\spring-test\4.3.12.RELEASE\spring-test-4.3.12.RELEASE.jar;, user.name=ram.katrapati, java.vm.specification.version=1.8, sun.java.command=C:\GIT_Workspace\spring-microservices\turbine\target\surefire\surefirebooter8122634259066927676.jar C:\GIT_Workspace\spring-microservices\turbine\target\surefire\surefire5011482767121233498tmp C:\GIT_Workspace\spring-microservices\turbine\target\surefire\surefire_01859952647509703253tmp, java.home=C:\Program Files\Java\jdk1.8.0_66\jre, sun.arch.data.model=64, user.language=en, java.specification.vendor=Oracle Corporation, awt.toolkit=sun.awt.windows.WToolkit, java.vm.info=mixed mode, java.version=1.8.0_66, java.ext.dirs=C:\Program Files\Java\jdk1.8.0_66\jre\lib\ext;C:\windows\Sun\Java\lib\ext, sun.boot.class.path=C:\Program Files\Java\jdk1.8.0_66\jre\lib\resources.jar;C:\Program Files\Java\jdk1.8.0_66\jre\lib\rt.jar;C:\Program Files\Java\jdk1.8.0_66\jre\lib\sunrsasign.jar;C:\Program Files\Java\jdk1.8.0_66\jre\lib\jsse.jar;C:\Program Files\Java\jdk1.8.0_66\jre\lib\jce.jar;C:\Program Files\Java\jdk1.8.0_66\jre\lib\charsets.jar;C:\Program Files\Java\jdk1.8.0_66\jre\lib\jfr.jar;C:\Program Files\Java\jdk1.8.0_66\jre\classes, java.vendor=Oracle Corporation, localRepository=C:\Users\ram.katrapati\.m2\intellij_projects, file.separator=\, java.vendor.url.bug=http://bugreport.sun.com/bugreport/, sun.io.unicode.encoding=UnicodeLittle, sun.cpu.endian=little, sun.desktop=windows, sun.cpu.isalist=amd64}}, SystemEnvironmentPropertySource@926370398 {name='systemEnvironment', properties={PATH=C:\Program Files\IBM\WebSphere MQ\java\lib;C:\Program Files\IBM\WebSphere MQ\java\lib64;C:\ProgramData\Oracle\Java\javapath;C:\oraclient11g_new\product\11.2.0\client_1\bin;C:\windows\system32;C:\windows;C:\windows\System32\Wbem;C:\windows\System32\WindowsPowerShell\v1.0\;C:\Program Files (x86)\Common Files\Check Point\UIFramework 3.0\Bin\;C:\Program Files (x86)\CheckPoint\Endpoint Security\Endpoint Common\bin;C:\Program Files (x86)\WebEx\PTools020000000;C:\Program Files (x86)\Sennheiser\SoftphoneSDK\;C:\Cloud Foundry;C:\Nodejs\;C:\Program Files\Cloud Foundry;C:\Program Files\IBM\WebSphere MQ\bin64;C:\Program Files\IBM\WebSphere MQ\bin;C:\Program Files\IBM\WebSphere MQ\tools\c\samples\bin;H:\Windows\LocalAppData\npm;C:\Users\ram.katrapati\AppData\Local\atom\bin;C:\Users\ram.katrapati\AppData\Local\.meteor\;C:\Software\Heroku\bin, MQ_JRE_PATH=C:\Program Files\IBM\WebSphere MQ\java\jre, PROCESSOR_LEVEL=6, SYSTEMDRIVE=C:, MQ_JAVA_DATA_PATH=C:\ProgramData\IBM\MQ, FP_NO_HOST_CHECK=NO, USERSID=S-1-5-21-338049762-1159368361-944895467-7682, SESSIONNAME=Console, ALLUSERSPROFILE=C:\ProgramData, DADIR=C:\Program Files (x86)\CheckPoint\Endpoint Security\Endpoint Common, PROCESSOR_ARCHITECTURE=AMD64, TNS_ADMIN=O:\Oracle\tns, RESHOMEDRIVE=H:, DEFLOGDIR=C:\ProgramData\McAfee\DesktopProtection, PROGRAMFILES=C:\Program Files, RESSHELL=MS, FULLUSERNAME=ram.katrapati, MQ_JAVA_LIB_PATH=C:\Program Files\IBM\WebSphere MQ\java\lib64;C:\Program Files\IBM\WebSphere MQ\java\lib, PSMODULEPATH=C:\windows\system32\WindowsPowerShell\v1.0\Modules\, PROGRAMDATA=C:\ProgramData, USERNAME=ram.katrapati, PDC2PRN001=pdc2prn001.internal.closebrothers.com, USERDNSDOMAIN=INTERNAL.CLOSEBROTHERS.COM, INCLUDE=C:\Program Files\IBM\WebSphere MQ\tools\c\include;C:\Program Files\IBM\WebSphere MQ\tools\cplus\include, CAFSERVER2=CLOSE08.close.central, TELEPHONEHOME=, RES DB VERSION=1.95, PATHEXT=.COM;.EXE;.BAT;.CMD;.VBS;.VBE;.JS;.JSE;.WSF;.WSH;.MSC, RESSUBPRSNT=NO, PDC1PRN001=pdc1prn001.internal.closebrothers.com, CPFSERVER=closepf.local, HOMESHARE=\\pdc1vfl001.internal.closebrothers.com\home2$\ram.katrapati, WINDIR=C:\windows, HOMEPATH=\, PROCESSOR_IDENTIFIER=Intel64 Family 6 Model 58 Stepping 9, GenuineIntel, WINDOWS_TRACING_LOGFILE=C:\BVTBin\Tests\installpackage\csilogfile.log, MQ_JAVA_INSTALL_PATH=C:\Program Files\IBM\WebSphere MQ\java, PFAPPID=136, PUBLIC=C:\Users\Public, 25YEARS=C:\PROGRA~2\RESSOF~1\WORKSP~1\Data\dbCache\Resources\Custom_Resources\Signature_Resources\CMF_25Years.bmp, =::=::\, LOCALAPPDATA=C:\Users\ram.katrapati\AppData\Local, COMMONPROGRAMFILES(X86)=C:\Program Files (x86)\Common Files, USERDOMAIN=CLOSEBROTHERSGP, LOGONSERVER=\\PDC2ADG002, PROMPT=$P$G, PROGRAMFILES(X86)=C:\Program Files (x86), WINDOWS_TRACING_FLAGS=3, =C:=C:\GIT_Workspace\spring-microservices\turbine, APPDATA=H:\Windows\LocalAppData, PROGRAMW6432=C:\Program Files, SYSTEMROOT=C:\windows, VSEDEFLOGDIR=C:\ProgramData\McAfee\DesktopProtection, MQ_FILE_PATH=C:\Program Files\IBM\WebSphere MQ, PHONE_D=D: +44 (0) 20 381 68254, VBOX_MSI_INSTALL_PATH=C:\tech_stuff\, CMFLOGO=C:\PROGRA~2\RESSOF~1\WORKSP~1\Data\dbCache\Resources\Custom_Resources\Signature_Resources\CMF_Logo.bmp, LIB=C:\Program Files\IBM\WebSphere MQ\tools\lib64;C:\Program Files\IBM\WebSphere MQ\tools\lib, OS=Windows_NT, COMMONPROGRAMW6432=C:\Program Files\Common Files, COMPUTERNAME=CPF-DT-155C6, COMMONPROGRAMFILES=C:\Program Files\Common Files, COMSPEC=C:\windows\system32\cmd.exe, PROCESSOR_REVISION=3a09, CLASSPATH=C:\Program Files\IBM\WebSphere MQ\java\lib\com.ibm.mqjms.jar;C:\Program Files\IBM\WebSphere MQ\java\lib\com.ibm.mq.jar, CLIENTIPADDRESS=192.168.56.1, PHONE_T=T: , RESPFDIR=C:\PROGRA~2\RESSOF~1\WORKSP~1, LCID=, =D:=D:\, CMFSERVER=tuvok, TEMP=C:\Users\RAM~1.KAT\AppData\Local\Temp, HOMEDRIVE=pdc1vfl001.internal.closebrothers.com\home2$\ram.katrapati, USERPROFILE=C:\Users\ram.katrapati, PFSESSIONSTART=20171027-112424, TMP=C:\Users\RAM~1.KAT\AppData\Local\Temp, NUMBER_OF_PROCESSORS=8, CLIENTNAME=cpf-dt-155c6, FAX_F=F: , MOBILE_M=M: , MOBILE=}}]
10:39:16.402 [main] DEBUG org.springframework.core.io.support.PathMatchingResourcePatternResolver - Resolved classpath location [com/spring/rk/microservices/turbine/] to resources [URL [file:/C:/GIT_Workspace/spring-microservices/turbine/target/test-classes/com/spring/rk/microservices/turbine/], URL [file:/C:/GIT_Workspace/spring-microservices/turbine/target/classes/com/spring/rk/microservices/turbine/]]
10:39:16.402 [main] DEBUG org.springframework.core.io.support.PathMatchingResourcePatternResolver - Looking for matching resources in directory tree [C:\GIT_Workspace\spring-microservices\turbine\target\test-classes\com\spring\rk\microservices\turbine]
10:39:16.403 [main] DEBUG org.springframework.core.io.support.PathMatchingResourcePatternResolver - Searching directory [C:\GIT_Workspace\spring-microservices\turbine\target\test-classes\com\spring\rk\microservices\turbine] for files matching pattern [C:/GIT_Workspace/spring-microservices/turbine/target/test-classes/com/spring/rk/microservices/turbine/*.class]
10:39:16.406 [main] DEBUG org.springframework.core.io.support.PathMatchingResourcePatternResolver - Looking for matching resources in directory tree [C:\GIT_Workspace\spring-microservices\turbine\target\classes\com\spring\rk\microservices\turbine]
10:39:16.406 [main] DEBUG org.springframework.core.io.support.PathMatchingResourcePatternResolver - Searching directory [C:\GIT_Workspace\spring-microservices\turbine\target\classes\com\spring\rk\microservices\turbine] for files matching pattern [C:/GIT_Workspace/spring-microservices/turbine/target/classes/com/spring/rk/microservices/turbine/*.class]
10:39:16.407 [main] DEBUG org.springframework.core.io.support.PathMatchingResourcePatternResolver - Resolved location pattern [classpath*:com/spring/rk/microservices/turbine/*.class] to resources [file [C:\GIT_Workspace\spring-microservices\turbine\target\test-classes\com\spring\rk\microservices\turbine\TurbineApplicationTests.class], file [C:\GIT_Workspace\spring-microservices\turbine\target\classes\com\spring\rk\microservices\turbine\TurbineApplication.class]]
10:39:16.463 [main] DEBUG org.springframework.context.annotation.ClassPathScanningCandidateComponentProvider - Identified candidate component class: file [C:\GIT_Workspace\spring-microservices\turbine\target\classes\com\spring\rk\microservices\turbine\TurbineApplication.class]
10:39:16.480 [main] INFO org.springframework.boot.test.context.SpringBootTestContextBootstrapper - Found @SpringBootConfiguration com.spring.rk.microservices.turbine.TurbineApplication for test class com.spring.rk.microservices.turbine.TurbineApplicationTests
10:39:16.487 [main] DEBUG org.springframework.boot.test.context.SpringBootTestContextBootstrapper - @TestExecutionListeners is not present for class [com.spring.rk.microservices.turbine.TurbineApplicationTests]: using defaults.
10:39:16.495 [main] INFO org.springframework.boot.test.context.SpringBootTestContextBootstrapper - Loaded default TestExecutionListener class names from location [META-INF/spring.factories]: [org.springframework.boot.test.mock.mockito.MockitoTestExecutionListener, org.springframework.boot.test.mock.mockito.ResetMocksTestExecutionListener, org.springframework.boot.test.autoconfigure.restdocs.RestDocsTestExecutionListener, org.springframework.boot.test.autoconfigure.web.client.MockRestServiceServerResetTestExecutionListener, org.springframework.boot.test.autoconfigure.web.servlet.MockMvcPrintOnlyOnFailureTestExecutionListener, org.springframework.boot.test.autoconfigure.web.servlet.WebDriverTestExecutionListener, org.springframework.test.context.web.ServletTestExecutionListener, org.springframework.test.context.support.DirtiesContextBeforeModesTestExecutionListener, org.springframework.test.context.support.DependencyInjectionTestExecutionListener, org.springframework.test.context.support.DirtiesContextTestExecutionListener, org.springframework.test.context.transaction.TransactionalTestExecutionListener, org.springframework.test.context.jdbc.SqlScriptsTestExecutionListener]
10:39:16.539 [main] INFO org.springframework.boot.test.context.SpringBootTestContextBootstrapper - Using TestExecutionListeners: [org.springframework.test.context.web.ServletTestExecutionListener@5d740a0f, org.springframework.test.context.support.DirtiesContextBeforeModesTestExecutionListener@214b199c, org.springframework.boot.test.autoconfigure.SpringBootDependencyInjectionTestExecutionListener@20d3d15a, org.springframework.test.context.support.DirtiesContextTestExecutionListener@2893de87, org.springframework.test.context.transaction.TransactionalTestExecutionListener@55ca8de8, org.springframework.test.context.jdbc.SqlScriptsTestExecutionListener@2c34f934, org.springframework.boot.test.autoconfigure.restdocs.RestDocsTestExecutionListener@12d3a4e9, org.springframework.boot.test.autoconfigure.web.client.MockRestServiceServerResetTestExecutionListener@240237d2, org.springframework.boot.test.autoconfigure.web.servlet.WebDriverTestExecutionListener@25a65b77, org.springframework.boot.test.mock.mockito.MockitoTestExecutionListener@2ed0fbae, org.springframework.boot.test.mock.mockito.ResetMocksTestExecutionListener@212bf671, org.springframework.boot.test.autoconfigure.web.servlet.MockMvcPrintOnlyOnFailureTestExecutionListener@14a2f921]
10:39:16.539 [main] DEBUG org.springframework.test.annotation.ProfileValueUtils - Retrieved @ProfileValueSourceConfiguration [null] for test class [com.spring.rk.microservices.turbine.TurbineApplicationTests]
10:39:16.539 [main] DEBUG org.springframework.test.annotation.ProfileValueUtils - Retrieved ProfileValueSource type [class org.springframework.test.annotation.SystemProfileValueSource] for class [com.spring.rk.microservices.turbine.TurbineApplicationTests]
10:39:16.539 [main] DEBUG org.springframework.test.context.junit4.SpringJUnit4ClassRunner - SpringJUnit4ClassRunner constructor called with [class com.spring.rk.microservices.turbine.TurbineApplicationTests]
10:39:16.539 [main] DEBUG org.springframework.test.context.BootstrapUtils - Instantiating CacheAwareContextLoaderDelegate from class [org.springframework.test.context.cache.DefaultCacheAwareContextLoaderDelegate]
10:39:16.539 [main] DEBUG org.springframework.test.context.BootstrapUtils - Instantiating BootstrapContext using constructor [public org.springframework.test.context.support.DefaultBootstrapContext(java.lang.Class,org.springframework.test.context.CacheAwareContextLoaderDelegate)]
10:39:16.539 [main] DEBUG org.springframework.test.context.BootstrapUtils - Instantiating TestContextBootstrapper for test class [com.spring.rk.microservices.turbine.TurbineApplicationTests] from class [org.springframework.boot.test.context.SpringBootTestContextBootstrapper]
10:39:16.539 [main] INFO org.springframework.boot.test.context.SpringBootTestContextBootstrapper - Neither @ContextConfiguration nor @ContextHierarchy found for test class [com.spring.rk.microservices.turbine.TurbineApplicationTests], using SpringBootContextLoader
10:39:16.539 [main] DEBUG org.springframework.test.context.support.AbstractContextLoader - Did not detect default resource location for test class [com.spring.rk.microservices.turbine.TurbineApplicationTests]: class path resource [com/spring/rk/microservices/turbine/TurbineApplicationTests-context.xml] does not exist
10:39:16.539 [main] DEBUG org.springframework.test.context.support.AbstractContextLoader - Did not detect default resource location for test class [com.spring.rk.microservices.turbine.TurbineApplicationTests]: class path resource [com/spring/rk/microservices/turbine/TurbineApplicationTestsContext.groovy] does not exist
10:39:16.539 [main] INFO org.springframework.test.context.support.AbstractContextLoader - Could not detect default resource locations for test class [com.spring.rk.microservices.turbine.TurbineApplicationTests]: no resource found for suffixes {-context.xml, Context.groovy}.
10:39:16.539 [main] INFO org.springframework.test.context.support.AnnotationConfigContextLoaderUtils - Could not detect default configuration classes for test class [com.spring.rk.microservices.turbine.TurbineApplicationTests]: TurbineApplicationTests does not declare any static, non-private, non-final, nested classes annotated with @Configuration.
10:39:16.549 [main] DEBUG org.springframework.test.context.support.ActiveProfilesUtils - Could not find an 'annotation declaring class' for annotation type [org.springframework.test.context.ActiveProfiles] and class [com.spring.rk.microservices.turbine.TurbineApplicationTests]
10:39:16.549 [main] DEBUG org.springframework.core.env.StandardEnvironment - Adding PropertySource 'systemProperties' with lowest search precedence
10:39:16.549 [main] DEBUG org.springframework.core.env.StandardEnvironment - Adding PropertySource 'systemEnvironment' with lowest search precedence
10:39:16.549 [main] DEBUG org.springframework.core.env.StandardEnvironment - Initialized StandardEnvironment with PropertySources [MapPropertySource@1616974404 {name='systemProperties', properties={idea.version=2017.2.5, java.runtime.name=Java(TM) SE Runtime Environment, sun.boot.library.path=C:\Program Files\Java\jdk1.8.0_66\jre\bin, java.vm.version=25.66-b18, java.vm.vendor=Oracle Corporation, java.vendor.url=http://java.oracle.com/, path.separator=;, java.vm.name=Java HotSpot(TM) 64-Bit Server VM, file.encoding.pkg=sun.io, user.country=GB, user.script=, sun.java.launcher=SUN_STANDARD, sun.os.patch.level=Service Pack 1, java.vm.specification.name=Java Virtual Machine Specification, user.dir=C:\GIT_Workspace\spring-microservices\turbine, java.runtime.version=1.8.0_66-b18, basedir=C:\GIT_Workspace\spring-microservices\turbine, java.awt.graphicsenv=sun.awt.Win32GraphicsEnvironment, java.endorsed.dirs=C:\Program Files\Java\jdk1.8.0_66\jre\lib\endorsed, os.arch=amd64, surefire.real.class.path=C:\GIT_Workspace\spring-microservices\turbine\target\surefire\surefirebooter8122634259066927676.jar, java.io.tmpdir=C:\Users\RAM~1.KAT\AppData\Local\Temp\, line.separator=
, java.vm.specification.vendor=Oracle Corporation, user.variant=, os.name=Windows 7, sun.jnu.encoding=Cp1252, java.library.path=C:\Program Files\Java\jdk1.8.0_66\jre\bin;C:\windows\Sun\Java\bin;C:\windows\system32;C:\windows;C:\Program Files\IBM\WebSphere MQ\java\lib;C:\Program Files\IBM\WebSphere MQ\java\lib64;C:\ProgramData\Oracle\Java\javapath;C:\oraclient11g_new\product\11.2.0\client_1\bin;C:\windows\system32;C:\windows;C:\windows\System32\Wbem;C:\windows\System32\WindowsPowerShell\v1.0\;C:\Program Files (x86)\Common Files\Check Point\UIFramework 3.0\Bin\;C:\Program Files (x86)\CheckPoint\Endpoint Security\Endpoint Common\bin;C:\Program Files (x86)\WebEx\PTools020000000;C:\Program Files (x86)\Sennheiser\SoftphoneSDK\;C:\Cloud Foundry;C:\Nodejs\;C:\Program Files\Cloud Foundry;C:\Program Files\IBM\WebSphere MQ\bin64;C:\Program Files\IBM\WebSphere MQ\bin;C:\Program Files\IBM\WebSphere MQ\tools\c\samples\bin;H:\Windows\LocalAppData\npm;C:\Users\ram.katrapati\AppData\Local\atom\bin;C:\Users\ram.katrapati\AppData\Local\.meteor\;C:\Software\Heroku\bin;., surefire.test.class.path=C:\GIT_Workspace\spring-microservices\turbine\target\test-classes;C:\GIT_Workspace\spring-microservices\turbine\target\classes;C:\Users\ram.katrapati\.m2\intellij_projects\org\springframework\boot\spring-boot-starter-web\1.5.8.RELEASE\spring-boot-starter-web-1.5.8.RELEASE.jar;C:\Users\ram.katrapati\.m2\intellij_projects\org\springframework\boot\spring-boot-starter\1.5.8.RELEASE\spring-boot-starter-1.5.8.RELEASE.jar;C:\Users\ram.katrapati\.m2\intellij_projects\org\springframework\boot\spring-boot\1.5.8.RELEASE\spring-boot-1.5.8.RELEASE.jar;C:\Users\ram.katrapati\.m2\intellij_projects\org\springframework\boot\spring-boot-autoconfigure\1.5.8.RELEASE\spring-boot-autoconfigure-1.5.8.RELEASE.jar;C:\Users\ram.katrapati\.m2\intellij_projects\org\springframework\boot\spring-boot-starter-logging\1.5.8.RELEASE\spring-boot-starter-logging-1.5.8.RELEASE.jar;C:\Users\ram.katrapati\.m2\intellij_projects\ch\qos\logback\logback-classic\1.1.11\logback-classic-1.1.11.jar;C:\Users\ram.katrapati\.m2\intellij_projects\ch\qos\logback\logback-core\1.1.11\logback-core-1.1.11.jar;C:\Users\ram.katrapati\.m2\intellij_projects\org\slf4j\jcl-over-slf4j\1.7.25\jcl-over-slf4j-1.7.25.jar;C:\Users\ram.katrapati\.m2\intellij_projects\org\slf4j\jul-to-slf4j\1.7.25\jul-to-slf4j-1.7.25.jar;C:\Users\ram.katrapati\.m2\intellij_projects\org\slf4j\log4j-over-slf4j\1.7.25\log4j-over-slf4j-1.7.25.jar;C:\Users\ram.katrapati\.m2\intellij_projects\org\yaml\snakeyaml\1.17\snakeyaml-1.17.jar;C:\Users\ram.katrapati\.m2\intellij_projects\org\hibernate\hibernate-validator\5.3.5.Final\hibernate-validator-5.3.5.Final.jar;C:\Users\ram.katrapati\.m2\intellij_projects\javax\validation\validation-api\1.1.0.Final\validation-api-1.1.0.Final.jar;C:\Users\ram.katrapati\.m2\intellij_projects\org\jboss\logging\jboss-logging\3.3.1.Final\jboss-logging-3.3.1.Final.jar;C:\Users\ram.katrapati\.m2\intellij_projects\com\fasterxml\classmate\1.3.4\classmate-1.3.4.jar;C:\Users\ram.katrapati\.m2\intellij_projects\com\fasterxml\jackson\core\jackson-databind\2.8.10\jackson-databind-2.8.10.jar;C:\Users\ram.katrapati\.m2\intellij_projects\com\fasterxml\jackson\core\jackson-annotations\2.8.0\jackson-annotations-2.8.0.jar;C:\Users\ram.katrapati\.m2\intellij_projects\com\fasterxml\jackson\core\jackson-core\2.8.10\jackson-core-2.8.10.jar;C:\Users\ram.katrapati\.m2\intellij_projects\org\springframework\spring-web\4.3.12.RELEASE\spring-web-4.3.12.RELEASE.jar;C:\Users\ram.katrapati\.m2\intellij_projects\org\springframework\spring-aop\4.3.12.RELEASE\spring-aop-4.3.12.RELEASE.jar;C:\Users\ram.katrapati\.m2\intellij_projects\org\springframework\spring-beans\4.3.12.RELEASE\spring-beans-4.3.12.RELEASE.jar;C:\Users\ram.katrapati\.m2\intellij_projects\org\springframework\spring-context\4.3.12.RELEASE\spring-context-4.3.12.RELEASE.jar;C:\Users\ram.katrapati\.m2\intellij_projects\org\springframework\spring-webmvc\4.3.12.RELEASE\spring-webmvc-4.3.12.RELEASE.jar;C:\Users\ram.katrapati\.m2\intellij_projects\org\springframework\spring-expression\4.3.12.RELEASE\spring-expression-4.3.12.RELEASE.jar;C:\Users\ram.katrapati\.m2\intellij_projects\org\springframework\boot\spring-boot-starter-undertow\1.5.8.RELEASE\spring-boot-starter-undertow-1.5.8.RELEASE.jar;C:\Users\ram.katrapati\.m2\intellij_projects\io\undertow\undertow-core\1.4.20.Final\undertow-core-1.4.20.Final.jar;C:\Users\ram.katrapati\.m2\intellij_projects\org\jboss\xnio\xnio-api\3.3.8.Final\xnio-api-3.3.8.Final.jar;C:\Users\ram.katrapati\.m2\intellij_projects\org\jboss\xnio\xnio-nio\3.3.8.Final\xnio-nio-3.3.8.Final.jar;C:\Users\ram.katrapati\.m2\intellij_projects\io\undertow\undertow-servlet\1.4.20.Final\undertow-servlet-1.4.20.Final.jar;C:\Users\ram.katrapati\.m2\intellij_projects\org\jboss\spec\javax\annotation\jboss-annotations-api_1.2_spec\1.0.0.Final\jboss-annotations-api_1.2_spec-1.0.0.Final.jar;C:\Users\ram.katrapati\.m2\intellij_projects\io\undertow\undertow-websockets-jsr\1.4.20.Final\undertow-websockets-jsr-1.4.20.Final.jar;C:\Users\ram.katrapati\.m2\intellij_projects\org\jboss\spec\javax\websocket\jboss-websocket-api_1.1_spec\1.1.0.Final\jboss-websocket-api_1.1_spec-1.1.0.Final.jar;C:\Users\ram.katrapati\.m2\intellij_projects\javax\servlet\javax.servlet-api\3.1.0\javax.servlet-api-3.1.0.jar;C:\Users\ram.katrapati\.m2\intellij_projects\org\glassfish\javax.el\3.0.0\javax.el-3.0.0.jar;C:\Users\ram.katrapati\.m2\intellij_projects\org\springframework\cloud\spring-cloud-netflix-turbine-amqp\1.0.7.RELEASE\spring-cloud-netflix-turbine-amqp-1.0.7.RELEASE.jar;C:\Users\ram.katrapati\.m2\intellij_projects\org\springframework\cloud\spring-cloud-netflix-core\1.3.5.RELEASE\spring-cloud-netflix-core-1.3.5.RELEASE.jar;C:\Users\ram.katrapati\.m2\intellij_projects\org\springframework\boot\spring-boot-starter-amqp\1.5.8.RELEASE\spring-boot-starter-amqp-1.5.8.RELEASE.jar;C:\Users\ram.katrapati\.m2\intellij_projects\org\springframework\spring-messaging\4.3.12.RELEASE\spring-messaging-4.3.12.RELEASE.jar;C:\Users\ram.katrapati\.m2\intellij_projects\org\springframework\amqp\spring-rabbit\1.7.4.RELEASE\spring-rabbit-1.7.4.RELEASE.jar;C:\Users\ram.katrapati\.m2\intellij_projects\com\rabbitmq\http-client\1.1.1.RELEASE\http-client-1.1.1.RELEASE.jar;C:\Users\ram.katrapati\.m2\intellij_projects\com\rabbitmq\amqp-client\4.0.3\amqp-client-4.0.3.jar;C:\Users\ram.katrapati\.m2\intellij_projects\org\springframework\retry\spring-retry\1.2.1.RELEASE\spring-retry-1.2.1.RELEASE.jar;C:\Users\ram.katrapati\.m2\intellij_projects\org\springframework\amqp\spring-amqp\1.7.4.RELEASE\spring-amqp-1.7.4.RELEASE.jar;C:\Users\ram.katrapati\.m2\intellij_projects\org\springframework\spring-tx\4.3.12.RELEASE\spring-tx-4.3.12.RELEASE.jar;C:\Users\ram.katrapati\.m2\intellij_projects\org\springframework\integration\spring-integration-amqp\4.3.12.RELEASE\spring-integration-amqp-4.3.12.RELEASE.jar;C:\Users\ram.katrapati\.m2\intellij_projects\org\springframework\integration\spring-integration-core\4.3.12.RELEASE\spring-integration-core-4.3.12.RELEASE.jar;C:\Users\ram.katrapati\.m2\intellij_projects\org\springframework\integration\spring-integration-java-dsl\1.2.3.RELEASE\spring-integration-java-dsl-1.2.3.RELEASE.jar;C:\Users\ram.katrapati\.m2\intellij_projects\org\reactivestreams\reactive-streams\1.0.0\reactive-streams-1.0.0.jar;C:\Users\ram.katrapati\.m2\intellij_projects\com\netflix\turbine\turbine-core\2.0.0-DP.2\turbine-core-2.0.0-DP.2.jar;C:\Users\ram.katrapati\.m2\intellij_projects\net\sf\jopt-simple\jopt-simple\4.8\jopt-simple-4.8.jar;C:\Users\ram.katrapati\.m2\intellij_projects\com\netflix\rxnetty\rx-netty\0.3.18\rx-netty-0.3.18.jar;C:\Users\ram.katrapati\.m2\intellij_projects\io\netty\netty-codec-http\4.0.21.Final\netty-codec-http-4.0.21.Final.jar;C:\Users\ram.katrapati\.m2\intellij_projects\io\netty\netty-codec\4.0.21.Final\netty-codec-4.0.21.Final.jar;C:\Users\ram.katrapati\.m2\intellij_projects\io\netty\netty-handler\4.0.21.Final\netty-handler-4.0.21.Final.jar;C:\Users\ram.katrapati\.m2\intellij_projects\io\netty\netty-transport-native-epoll\4.0.21.Final\netty-transport-native-epoll-4.0.21.Final.jar;C:\Users\ram.katrapati\.m2\intellij_projects\io\netty\netty-common\4.0.21.Final\netty-common-4.0.21.Final.jar;C:\Users\ram.katrapati\.m2\intellij_projects\io\netty\netty-buffer\4.0.21.Final\netty-buffer-4.0.21.Final.jar;C:\Users\ram.katrapati\.m2\intellij_projects\io\netty\netty-transport\4.0.21.Final\netty-transport-4.0.21.Final.jar;C:\Users\ram.katrapati\.m2\intellij_projects\org\codehaus\jackson\jackson-mapper-asl\1.9.2\jackson-mapper-asl-1.9.2.jar;C:\Users\ram.katrapati\.m2\intellij_projects\org\codehaus\jackson\jackson-core-asl\1.9.2\jackson-core-asl-1.9.2.jar;C:\Users\ram.katrapati\.m2\intellij_projects\io\reactivex\rxjava\1.1.10\rxjava-1.1.10.jar;C:\Users\ram.katrapati\.m2\intellij_projects\org\springframework\cloud\spring-cloud-starter-eureka\1.3.5.RELEASE\spring-cloud-starter-eureka-1.3.5.RELEASE.jar;C:\Users\ram.katrapati\.m2\intellij_projects\org\springframework\cloud\spring-cloud-starter\1.2.4.RELEASE\spring-cloud-starter-1.2.4.RELEASE.jar;C:\Users\ram.katrapati\.m2\intellij_projects\org\springframework\cloud\spring-cloud-context\1.2.4.RELEASE\spring-cloud-context-1.2.4.RELEASE.jar;C:\Users\ram.katrapati\.m2\intellij_projects\org\springframework\security\spring-security-crypto\4.2.3.RELEASE\spring-security-crypto-4.2.3.RELEASE.jar;C:\Users\ram.katrapati\.m2\intellij_projects\org\springframework\cloud\spring-cloud-commons\1.2.4.RELEASE\spring-cloud-commons-1.2.4.RELEASE.jar;C:\Users\ram.katrapati\.m2\intellij_projects\org\springframework\security\spring-security-rsa\1.0.3.RELEASE\spring-security-rsa-1.0.3.RELEASE.jar;C:\Users\ram.katrapati\.m2\intellij_projects\org\bouncycastle\bcpkix-jdk15on\1.55\bcpkix-jdk15on-1.55.jar;C:\Users\ram.katrapati\.m2\intellij_projects\org\bouncycastle\bcprov-jdk15on\1.55\bcprov-jdk15on-1.55.jar;C:\Users\ram.katrapati\.m2\intellij_projects\org\springframework\cloud\spring-cloud-netflix-eureka-client\1.3.5.RELEASE\spring-cloud-netflix-eureka-client-1.3.5.RELEASE.jar;C:\Users\ram.katrapati\.m2\intellij_projects\com\netflix\eureka\eureka-client\1.6.2\eureka-client-1.6.2.jar;C:\Users\ram.katrapati\.m2\intellij_projects\org\codehaus\jettison\jettison\1.3.7\jettison-1.3.7.jar;C:\Users\ram.katrapati\.m2\intellij_projects\stax\stax-api\1.0.1\stax-api-1.0.1.jar;C:\Users\ram.katrapati\.m2\intellij_projects\com\netflix\netflix-commons\netflix-eventbus\0.3.0\netflix-eventbus-0.3.0.jar;C:\Users\ram.katrapati\.m2\intellij_projects\com\netflix\netflix-commons\netflix-infix\0.3.0\netflix-infix-0.3.0.jar;C:\Users\ram.katrapati\.m2\intellij_projects\commons-jxpath\commons-jxpath\1.3\commons-jxpath-1.3.jar;C:\Users\ram.katrapati\.m2\intellij_projects\joda-time\joda-time\2.9.9\joda-time-2.9.9.jar;C:\Users\ram.katrapati\.m2\intellij_projects\org\antlr\antlr-runtime\3.4\antlr-runtime-3.4.jar;C:\Users\ram.katrapati\.m2\intellij_projects\org\antlr\stringtemplate\3.2.1\stringtemplate-3.2.1.jar;C:\Users\ram.katrapati\.m2\intellij_projects\antlr\antlr\2.7.7\antl
[...]
10:39:16.671 [main] DEBUG org.springframework.core.env.MutablePropertySources - Adding PropertySource 'inline' with highest search precedence
10:39:16.671 [main] DEBUG org.springframework.test.context.support.TestPropertySourceUtils - Adding inlined properties to environment: {spring.jmx.enabled=false, org.springframework.boot.test.context.SpringBootTestContextBootstrapper=true, server.port=-1}
10:39:16.671 [main] DEBUG org.springframework.core.env.StandardEnvironment - Adding PropertySource 'Inlined Test Properties' with highest search precedence
2017-11-13 10:39:17.217  INFO 25464 --- [           main] s.c.a.AnnotationConfigApplicationContext : Refreshing org.springframework.context.annotation.AnnotationConfigApplicationContext@9816741: startup date [Mon Nov 13 10:39:17 GMT 2017]; root of context hierarchy
2017-11-13 10:39:17.476  INFO 25464 --- [           main] f.a.AutowiredAnnotationBeanPostProcessor : JSR-330 'javax.inject.Inject' annotation found and supported for autowiring
2017-11-13 10:39:17.515  INFO 25464 --- [           main] trationDelegate$BeanPostProcessorChecker : Bean 'configurationPropertiesRebinderAutoConfiguration' of type [org.springframework.cloud.autoconfigure.ConfigurationPropertiesRebinderAutoConfiguration$$EnhancerBySpringCGLIB$$c45636ea] is not eligible for getting processed by all BeanPostProcessors (for example: not eligible for auto-proxying)

  .   ____          _            __ _ _
 /\\ / ___'_ __ _ _(_)_ __  __ _ \ \ \ \
( ( )\___ | '_ | '_| | '_ \/ _` | \ \ \ \
 \\/  ___)| |_)| | | | | || (_| |  ) ) ) )
  '  |____| .__|_| |_|_| |_\__, | / / / /
 =========|_|==============|___/=/_/_/_/
 :: Spring Boot ::        (v1.5.8.RELEASE)

2017-11-13 10:39:18.039  INFO 25464 --- [           main] c.c.c.ConfigServicePropertySourceLocator : Fetching config from server at: http://localhost:8888
2017-11-13 10:39:19.268  WARN 25464 --- [           main] c.c.c.ConfigServicePropertySourceLocator : Could not locate PropertySource: I/O error on GET request for "http://localhost:8888/application/default": Connection refused: connect; nested exception is java.net.ConnectException: Connection refused: connect
2017-11-13 10:39:19.268  INFO 25464 --- [           main] c.s.r.m.turbine.TurbineApplicationTests  : No active profile set, falling back to default profiles: default
2017-11-13 10:39:19.278  INFO 25464 --- [           main] o.s.w.c.s.GenericWebApplicationContext   : Refreshing org.springframework.web.context.support.GenericWebApplicationContext@25f9407e: startup date [Mon Nov 13 10:39:19 GMT 2017]; parent: org.springframework.context.annotation.AnnotationConfigApplicationContext@9816741
2017-11-13 10:39:19.852  INFO 25464 --- [           main] o.s.i.config.IntegrationRegistrar        : No bean named 'integrationHeaderChannelRegistry' has been explicitly defined. Therefore, a default DefaultHeaderChannelRegistry will be created.
2017-11-13 10:39:20.075  INFO 25464 --- [           main] o.s.cloud.context.scope.GenericScope     : BeanFactory id=48fe544f-aebc-3dac-83ce-c7d2d489bd8d
2017-11-13 10:39:20.138  INFO 25464 --- [           main] faultConfiguringBeanFactoryPostProcessor : No bean named 'errorChannel' has been explicitly defined. Therefore, a default PublishSubscribeChannel will be created.
2017-11-13 10:39:20.138  INFO 25464 --- [           main] faultConfiguringBeanFactoryPostProcessor : No bean named 'taskScheduler' has been explicitly defined. Therefore, a default ThreadPoolTaskScheduler will be created.
2017-11-13 10:39:20.158  INFO 25464 --- [           main] f.a.AutowiredAnnotationBeanPostProcessor : JSR-330 'javax.inject.Inject' annotation found and supported for autowiring
2017-11-13 10:39:20.209  INFO 25464 --- [           main] trationDelegate$BeanPostProcessorChecker : Bean 'org.springframework.amqp.rabbit.annotation.RabbitBootstrapConfiguration' of type [org.springframework.amqp.rabbit.annotation.RabbitBootstrapConfiguration$$EnhancerBySpringCGLIB$$6ea7f21b] is not eligible for getting processed by all BeanPostProcessors (for example: not eligible for auto-proxying)
2017-11-13 10:39:20.299  INFO 25464 --- [           main] trationDelegate$BeanPostProcessorChecker : Bean 'integrationGlobalProperties' of type [org.springframework.beans.factory.config.PropertiesFactoryBean] is not eligible for getting processed by all BeanPostProcessors (for example: not eligible for auto-proxying)
2017-11-13 10:39:20.306  INFO 25464 --- [           main] trationDelegate$BeanPostProcessorChecker : Bean 'integrationGlobalProperties' of type [java.util.Properties] is not eligible for getting processed by all BeanPostProcessors (for example: not eligible for auto-proxying)
2017-11-13 10:39:20.358  INFO 25464 --- [           main] trationDelegate$BeanPostProcessorChecker : Bean 'org.springframework.cloud.autoconfigure.ConfigurationPropertiesRebinderAutoConfiguration' of type [org.springframework.cloud.autoconfigure.ConfigurationPropertiesRebinderAutoConfiguration$$EnhancerBySpringCGLIB$$c45636ea] is not eligible for getting processed by all BeanPostProcessors (for example: not eligible for auto-proxying)
2017-11-13 10:39:20.359  INFO 25464 --- [           main] f.a.AutowiredAnnotationBeanPostProcessor : JSR-330 'javax.inject.Inject' annotation found and supported for autowiring
2017-11-13 10:39:20.791  WARN 25464 --- [           main] o.s.c.n.a.ArchaiusAutoConfiguration      : No spring.application.name found, defaulting to 'application'
2017-11-13 10:39:20.797  WARN 25464 --- [           main] c.n.c.sources.URLConfigurationSource     : No URLs will be polled as dynamic configuration sources.
2017-11-13 10:39:20.798  INFO 25464 --- [           main] c.n.c.sources.URLConfigurationSource     : To enable URLs as dynamic configuration sources, define System property archaius.configurationSource.additionalUrls or make config.properties available on classpath.
2017-11-13 10:39:20.817  WARN 25464 --- [           main] c.n.c.sources.URLConfigurationSource     : No URLs will be polled as dynamic configuration sources.
2017-11-13 10:39:20.817  INFO 25464 --- [           main] c.n.c.sources.URLConfigurationSource     : To enable URLs as dynamic configuration sources, define System property archaius.configurationSource.additionalUrls or make config.properties available on classpath.
2017-11-13 10:39:21.149  INFO 25464 --- [           main] s.w.s.m.m.a.RequestMappingHandlerAdapter : Looking for @ControllerAdvice: org.springframework.web.context.support.GenericWebApplicationContext@25f9407e: startup date [Mon Nov 13 10:39:19 GMT 2017]; parent: org.springframework.context.annotation.AnnotationConfigApplicationContext@9816741
2017-11-13 10:39:21.238  INFO 25464 --- [           main] s.w.s.m.m.a.RequestMappingHandlerMapping : Mapped "{[/error]}" onto public org.springframework.http.ResponseEntity<java.util.Map<java.lang.String, java.lang.Object>> org.springframework.boot.autoconfigure.web.BasicErrorController.error(javax.servlet.http.HttpServletRequest)
2017-11-13 10:39:21.238  INFO 25464 --- [           main] s.w.s.m.m.a.RequestMappingHandlerMapping : Mapped "{[/error],produces=[text/html]}" onto public org.springframework.web.servlet.ModelAndView org.springframework.boot.autoconfigure.web.BasicErrorController.errorHtml(javax.servlet.http.HttpServletRequest,javax.servlet.http.HttpServletResponse)
2017-11-13 10:39:21.289  INFO 25464 --- [           main] o.s.w.s.handler.SimpleUrlHandlerMapping  : Mapped URL path [/webjars/**] onto handler of type [class org.springframework.web.servlet.resource.ResourceHttpRequestHandler]
2017-11-13 10:39:21.289  INFO 25464 --- [           main] o.s.w.s.handler.SimpleUrlHandlerMapping  : Mapped URL path [/**] onto handler of type [class org.springframework.web.servlet.resource.ResourceHttpRequestHandler]
2017-11-13 10:39:21.358  INFO 25464 --- [           main] o.s.w.s.handler.SimpleUrlHandlerMapping  : Mapped URL path [/**/favicon.ico] onto handler of type [class org.springframework.web.servlet.resource.ResourceHttpRequestHandler]
2017-11-13 10:39:21.948  INFO 25464 --- [           main] o.s.s.c.ThreadPoolTaskScheduler          : Initializing ExecutorService  'taskScheduler'
2017-11-13 10:39:22.529  WARN 25464 --- [           main] o.s.w.c.s.GenericWebApplicationContext   : Exception encountered during context initialization - cancelling refresh attempt: org.springframework.beans.factory.UnsatisfiedDependencyException: Error creating bean with name 'hystrixStreamAggregator': Unsatisfied dependency expressed through field 'subject'; nested exception is org.springframework.beans.factory.NoSuchBeanDefinitionException: No qualifying bean of type 'rx.subjects.PublishSubject<java.util.Map<java.lang.String, java.lang.Object>>' available: expected at least 1 bean which qualifies as autowire candidate. Dependency annotations: {@org.springframework.beans.factory.annotation.Autowired(required=true)}
2017-11-13 10:39:22.530  INFO 25464 --- [           main] o.s.s.c.ThreadPoolTaskScheduler          : Shutting down ExecutorService 'taskScheduler'
2017-11-13 10:39:22.555  INFO 25464 --- [           main] utoConfigurationReportLoggingInitializer : 

Error starting ApplicationContext. To display the auto-configuration report re-run your application with 'debug' enabled.
2017-11-13 10:39:22.718 ERROR 25464 --- [           main] o.s.b.d.LoggingFailureAnalysisReporter   : 

***************************
APPLICATION FAILED TO START
***************************

Description:

Field subject in org.springframework.cloud.netflix.turbine.amqp.Aggregator required a bean of type 'rx.subjects.PublishSubject' that could not be found.


Action:

Consider defining a bean of type 'rx.subjects.PublishSubject' in your configuration.

2017-11-13 10:39:22.738 ERROR 25464 --- [           main] o.s.test.context.TestContextManager      : Caught exception while allowing TestExecutionListener [org.springframework.test.context.web.ServletTestExecutionListener@7219ec67] to prepare test instance [com.spring.rk.microservices.turbine.TurbineApplicationTests@2b73bd6b]

java.lang.IllegalStateException: Failed to load ApplicationContext
	at org.springframework.test.context.cache.DefaultCacheAwareContextLoaderDelegate.loadContext(DefaultCacheAwareContextLoaderDelegate.java:124) ~[spring-test-4.3.12.RELEASE.jar:4.3.12.RELEASE]
	at org.springframework.test.context.support.DefaultTestContext.getApplicationContext(DefaultTestContext.java:83) ~[spring-test-4.3.12.RELEASE.jar:4.3.12.RELEASE]
	at org.springframework.test.context.web.ServletTestExecutionListener.setUpRequestContextIfNecessary(ServletTestExecutionListener.java:189) ~[spring-test-4.3.12.RELEASE.jar:4.3.12.RELEASE]
	at org.springframework.test.context.web.ServletTestExecutionListener.prepareTestInstance(ServletTestExecutionListener.java:131) ~[spring-test-4.3.12.RELEASE.jar:4.3.12.RELEASE]
	at org.springframework.test.context.TestContextManager.prepareTestInstance(TestContextManager.java:230) ~[spring-test-4.3.12.RELEASE.jar:4.3.12.RELEASE]
	at org.springframework.test.context.junit4.SpringJUnit4ClassRunner.createTest(SpringJUnit4ClassRunner.java:228) [spring-test-4.3.12.RELEASE.jar:4.3.12.RELEASE]
	at org.springframework.test.context.junit4.SpringJUnit4ClassRunner$1.runReflectiveCall(SpringJUnit4ClassRunner.java:287) [spring-test-4.3.12.RELEASE.jar:4.3.12.RELEASE]
	at org.junit.internal.runners.model.ReflectiveCallable.run(ReflectiveCallable.java:12) [junit-4.12.jar:4.12]
	at org.springframework.test.context.junit4.SpringJUnit4ClassRunner.methodBlock(SpringJUnit4ClassRunner.java:289) [spring-test-4.3.12.RELEASE.jar:4.3.12.RELEASE]
	at org.springframework.test.context.junit4.SpringJUnit4ClassRunner.runChild(SpringJUnit4ClassRunner.java:247) [spring-test-4.3.12.RELEASE.jar:4.3.12.RELEASE]
	at org.springframework.test.context.junit4.SpringJUnit4ClassRunner.runChild(SpringJUnit4ClassRunner.java:94) [spring-test-4.3.12.RELEASE.jar:4.3.12.RELEASE]
	at org.junit.runners.ParentRunner$3.run(ParentRunner.java:290) [junit-4.12.jar:4.12]
	at org.junit.runners.ParentRunner$1.schedule(ParentRunner.java:71) [junit-4.12.jar:4.12]
	at org.junit.runners.ParentRunner.runChildren(ParentRunner.java:288) [junit-4.12.jar:4.12]
	at org.junit.runners.ParentRunner.access$000(ParentRunner.java:58) [junit-4.12.jar:4.12]
	at org.junit.runners.ParentRunner$2.evaluate(ParentRunner.java:268) [junit-4.12.jar:4.12]
	at org.springframework.test.context.junit4.statements.RunBeforeTestClassCallbacks.evaluate(RunBeforeTestClassCallbacks.java:61) [spring-test-4.3.12.RELEASE.jar:4.3.12.RELEASE]
	at org.springframework.test.context.junit4.statements.RunAfterTestClassCallbacks.evaluate(RunAfterTestClassCallbacks.java:70) [spring-test-4.3.12.RELEASE.jar:4.3.12.RELEASE]
	at org.junit.runners.ParentRunner.run(ParentRunner.java:363) [junit-4.12.jar:4.12]
	at org.springframework.test.context.junit4.SpringJUnit4ClassRunner.run(SpringJUnit4ClassRunner.java:191) [spring-test-4.3.12.RELEASE.jar:4.3.12.RELEASE]
	at org.apache.maven.surefire.junit4.JUnit4Provider.execute(JUnit4Provider.java:283) [surefire-junit4-2.18.1.jar:2.18.1]
	at org.apache.maven.surefire.junit4.JUnit4Provider.executeWithRerun(JUnit4Provider.java:173) [surefire-junit4-2.18.1.jar:2.18.1]
	at org.apache.maven.surefire.junit4.JUnit4Provider.executeTestSet(JUnit4Provider.java:153) [surefire-junit4-2.18.1.jar:2.18.1]
	at org.apache.maven.surefire.junit4.JUnit4Provider.invoke(JUnit4Provider.java:128) [surefire-junit4-2.18.1.jar:2.18.1]
	at org.apache.maven.surefire.booter.ForkedBooter.invokeProviderInSameClassLoader(ForkedBooter.java:203) [surefire-booter-2.18.1.jar:2.18.1]
	at org.apache.maven.surefire.booter.ForkedBooter.runSuitesInProcess(ForkedBooter.java:155) [surefire-booter-2.18.1.jar:2.18.1]
	at org.apache.maven.surefire.booter.ForkedBooter.main(ForkedBooter.java:103) [surefire-booter-2.18.1.jar:2.18.1]
Caused by: org.springframework.beans.factory.UnsatisfiedDependencyException: Error creating bean with name 'hystrixStreamAggregator': Unsatisfied dependency expressed through field 'subject'; nested exception is org.springframework.beans.factory.NoSuchBeanDefinitionException: No qualifying bean of type 'rx.subjects.PublishSubject<java.util.Map<java.lang.String, java.lang.Object>>' available: expected at least 1 bean which qualifies as autowire candidate. Dependency annotations: {@org.springframework.beans.factory.annotation.Autowired(required=true)}
	at org.springframework.beans.factory.annotation.AutowiredAnnotationBeanPostProcessor$AutowiredFieldElement.inject(AutowiredAnnotationBeanPostProcessor.java:588) ~[spring-beans-4.3.12.RELEASE.jar:4.3.12.RELEASE]
	at org.springframework.beans.factory.annotation.InjectionMetadata.inject(InjectionMetadata.java:88) ~[spring-beans-4.3.12.RELEASE.jar:4.3.12.RELEASE]
	at org.springframework.beans.factory.annotation.AutowiredAnnotationBeanPostProcessor.postProcessPropertyValues(AutowiredAnnotationBeanPostProcessor.java:366) ~[spring-beans-4.3.12.RELEASE.jar:4.3.12.RELEASE]
	at org.springframework.beans.factory.support.AbstractAutowireCapableBeanFactory.populateBean(AbstractAutowireCapableBeanFactory.java:1264) ~[spring-beans-4.3.12.RELEASE.jar:4.3.12.RELEASE]
	at org.springframework.beans.factory.support.AbstractAutowireCapableBeanFactory.doCreateBean(AbstractAutowireCapableBeanFactory.java:553) ~[spring-beans-4.3.12.RELEASE.jar:4.3.12.RELEASE]
	at org.springframework.beans.factory.support.AbstractAutowireCapableBeanFactory.createBean(AbstractAutowireCapableBeanFactory.java:483) ~[spring-beans-4.3.12.RELEASE.jar:4.3.12.RELEASE]
	at org.springframework.beans.factory.support.AbstractBeanFactory$1.getObject(AbstractBeanFactory.java:306) ~[spring-beans-4.3.12.RELEASE.jar:4.3.12.RELEASE]
	at org.springframework.beans.factory.support.DefaultSingletonBeanRegistry.getSingleton(DefaultSingletonBeanRegistry.java:230) ~[spring-beans-4.3.12.RELEASE.jar:4.3.12.RELEASE]
	at org.springframework.beans.factory.support.AbstractBeanFactory.doGetBean(AbstractBeanFactory.java:302) ~[spring-beans-4.3.12.RELEASE.jar:4.3.12.RELEASE]
	at org.springframework.beans.factory.support.AbstractBeanFactory.getBean(AbstractBeanFactory.java:197) ~[spring-beans-4.3.12.RELEASE.jar:4.3.12.RELEASE]
	at org.springframework.beans.factory.support.DefaultListableBeanFactory.preInstantiateSingletons(DefaultListableBeanFactory.java:761) ~[spring-beans-4.3.12.RELEASE.jar:4.3.12.RELEASE]
	at org.springframework.context.support.AbstractApplicationContext.finishBeanFactoryInitialization(AbstractApplicationContext.java:867) ~[spring-context-4.3.12.RELEASE.jar:4.3.12.RELEASE]
	at org.springframework.context.support.AbstractApplicationContext.refresh(AbstractApplicationContext.java:543) ~[spring-context-4.3.12.RELEASE.jar:4.3.12.RELEASE]
	at org.springframework.boot.SpringApplication.refresh(SpringApplication.java:693) ~[spring-boot-1.5.8.RELEASE.jar:1.5.8.RELEASE]
	at org.springframework.boot.SpringApplication.refreshContext(SpringApplication.java:360) ~[spring-boot-1.5.8.RELEASE.jar:1.5.8.RELEASE]
	at org.springframework.boot.SpringApplication.run(SpringApplication.java:303) ~[spring-boot-1.5.8.RELEASE.jar:1.5.8.RELEASE]
	at org.springframework.boot.test.context.SpringBootContextLoader.loadContext(SpringBootContextLoader.java:120) ~[spring-boot-test-1.5.8.RELEASE.jar:1.5.8.RELEASE]
	at org.springframework.test.context.cache.DefaultCacheAwareContextLoaderDelegate.loadContextInternal(DefaultCacheAwareContextLoaderDelegate.java:98) ~[spring-test-4.3.12.RELEASE.jar:4.3.12.RELEASE]
	at org.springframework.test.context.cache.DefaultCacheAwareContextLoaderDelegate.loadContext(DefaultCacheAwareContextLoaderDelegate.java:116) ~[spring-test-4.3.12.RELEASE.jar:4.3.12.RELEASE]
	... 26 common frames omitted
Caused by: org.springframework.beans.factory.NoSuchBeanDefinitionException: No qualifying bean of type 'rx.subjects.PublishSubject<java.util.Map<java.lang.String, java.lang.Object>>' available: expected at least 1 bean which qualifies as autowire candidate. Dependency annotations: {@org.springframework.beans.factory.annotation.Autowired(required=true)}
	at org.springframework.beans.factory.support.DefaultListableBeanFactory.raiseNoMatchingBeanFound(DefaultListableBeanFactory.java:1493) ~[spring-beans-4.3.12.RELEASE.jar:4.3.12.RELEASE]
	at org.springframework.beans.factory.support.DefaultListableBeanFactory.doResolveDependency(DefaultListableBeanFactory.java:1104) ~[spring-beans-4.3.12.RELEASE.jar:4.3.12.RELEASE]
	at org.springframework.beans.factory.support.DefaultListableBeanFactory.resolveDependency(DefaultListableBeanFactory.java:1066) ~[spring-beans-4.3.12.RELEASE.jar:4.3.12.RELEASE]
	at org.springframework.beans.factory.annotation.AutowiredAnnotationBeanPostProcessor$AutowiredFieldElement.inject(AutowiredAnnotationBeanPostProcessor.java:585) ~[spring-beans-4.3.12.RELEASE.jar:4.3.12.RELEASE]
	... 44 common frames omitted

]]></system-out>
  </testcase>
</testsuite>